23:33:18 **** Auto Build of configuration Debug for project lenet_cnn ****
make pre-build main-build 
a9-linaro-pre-build-step
 
Building target: lenet_cnn.elf
Invoking: ARM v7 g++ linker
arm-none-eabi-g++ -mcpu=cortex-a9 -mfpu=vfpv3 -mfloat-abi=hard -Wl,-build-id=none -specs=Xilinx.spec -Wl,-T -Wl,../src/lscript.ld -L../../lenet_cnn_bsp/ps7_cortexa9_0/lib -o "lenet_cnn.elf"  ./src/main.o   -Wl,--start-group,-lxil,-lgcc,-lc,-lstdc++,--end-group
c:/xilinx/sdk/2019.1/gnu/aarch32/nt/gcc-arm-none-eabi/bin/../lib/gcc/arm-none-eabi/8.2.0/../../../../arm-none-eabi/bin/ld.exe: ./src/main.o: in function `parse_mnist_images(char*, unsigned char*)':
C:\cs543\mnist_hw_acc\mnist_soc\mnist_soc.sdk\lenet_cnn\Debug/../src/main.cc:240: undefined reference to `f_open'
c:/xilinx/sdk/2019.1/gnu/aarch32/nt/gcc-arm-none-eabi/bin/../lib/gcc/arm-none-eabi/8.2.0/../../../../arm-none-eabi/bin/ld.exe: C:\cs543\mnist_hw_acc\mnist_soc\mnist_soc.sdk\lenet_cnn\Debug/../src/main.cc:251: undefined reference to `f_lseek'
c:/xilinx/sdk/2019.1/gnu/aarch32/nt/gcc-arm-none-eabi/bin/../lib/gcc/arm-none-eabi/8.2.0/../../../../arm-none-eabi/bin/ld.exe: C:\cs543\mnist_hw_acc\mnist_soc\mnist_soc.sdk\lenet_cnn\Debug/../src/main.cc:262: undefined reference to `f_read'
c:/xilinx/sdk/2019.1/gnu/aarch32/nt/gcc-arm-none-eabi/bin/../lib/gcc/arm-none-eabi/8.2.0/../../../../arm-none-eabi/bin/ld.exe: C:\cs543\mnist_hw_acc\mnist_soc\mnist_soc.sdk\lenet_cnn\Debug/../src/main.cc:273: undefined reference to `f_read'
c:/xilinx/sdk/2019.1/gnu/aarch32/nt/gcc-arm-none-eabi/bin/../lib/gcc/arm-none-eabi/8.2.0/../../../../arm-none-eabi/bin/ld.exe: C:\cs543\mnist_hw_acc\mnist_soc\mnist_soc.sdk\lenet_cnn\Debug/../src/main.cc:284: undefined reference to `f_close'
c:/xilinx/sdk/2019.1/gnu/aarch32/nt/gcc-arm-none-eabi/bin/../lib/gcc/arm-none-eabi/8.2.0/../../../../arm-none-eabi/bin/ld.exe: ./src/main.o: in function `parse_mnist_labels(char*, unsigned char*)':
C:\cs543\mnist_hw_acc\mnist_soc\mnist_soc.sdk\lenet_cnn\Debug/../src/main.cc:309: undefined reference to `f_open'
c:/xilinx/sdk/2019.1/gnu/aarch32/nt/gcc-arm-none-eabi/bin/../lib/gcc/arm-none-eabi/8.2.0/../../../../arm-none-eabi/bin/ld.exe: C:\cs543\mnist_hw_acc\mnist_soc\mnist_soc.sdk\lenet_cnn\Debug/../src/main.cc:320: undefined reference to `f_lseek'
c:/xilinx/sdk/2019.1/gnu/aarch32/nt/gcc-arm-none-eabi/bin/../lib/gcc/arm-none-eabi/8.2.0/../../../../arm-none-eabi/bin/ld.exe: C:\cs543\mnist_hw_acc\mnist_soc\mnist_soc.sdk\lenet_cnn\Debug/../src/main.cc:331: undefined reference to `f_read'
c:/xilinx/sdk/2019.1/gnu/aarch32/nt/gcc-arm-none-eabi/bin/../lib/gcc/arm-none-eabi/8.2.0/../../../../arm-none-eabi/bin/ld.exe: C:\cs543\mnist_hw_acc\mnist_soc\mnist_soc.sdk\lenet_cnn\Debug/../src/main.cc:342: undefined reference to `f_read'
c:/xilinx/sdk/2019.1/gnu/aarch32/nt/gcc-arm-none-eabi/bin/../lib/gcc/arm-none-eabi/8.2.0/../../../../arm-none-eabi/bin/ld.exe: C:\cs543\mnist_hw_acc\mnist_soc\mnist_soc.sdk\lenet_cnn\Debug/../src/main.cc:353: undefined reference to `f_close'
c:/xilinx/sdk/2019.1/gnu/aarch32/nt/gcc-arm-none-eabi/bin/../lib/gcc/arm-none-eabi/8.2.0/../../../../arm-none-eabi/bin/ld.exe: ./src/main.o: in function `parse_parameters(char*)':
C:\cs543\mnist_hw_acc\mnist_soc\mnist_soc.sdk\lenet_cnn\Debug/../src/main.cc:376: undefined reference to `f_open'
c:/xilinx/sdk/2019.1/gnu/aarch32/nt/gcc-arm-none-eabi/bin/../lib/gcc/arm-none-eabi/8.2.0/../../../../arm-none-eabi/bin/ld.exe: C:\cs543\mnist_hw_acc\mnist_soc\mnist_soc.sdk\lenet_cnn\Debug/../src/main.cc:387: undefined reference to `f_lseek'
c:/xilinx/sdk/2019.1/gnu/aarch32/nt/gcc-arm-none-eabi/bin/../lib/gcc/arm-none-eabi/8.2.0/../../../../arm-none-eabi/bin/ld.exe: C:\cs543\mnist_hw_acc\mnist_soc\mnist_soc.sdk\lenet_cnn\Debug/../src/main.cc:398: undefined reference to `f_read'
c:/xilinx/sdk/2019.1/gnu/aarch32/nt/gcc-arm-none-eabi/bin/../lib/gcc/arm-none-eabi/8.2.0/../../../../arm-none-eabi/bin/ld.exe: ./src/main.o: in function `main':
C:\cs543\mnist_hw_acc\mnist_soc\mnist_soc.sdk\lenet_cnn\Debug/../src/main.cc:589: undefined reference to `f_mount'
collect2.exe: error: ld returned 1 exit status
make: *** [makefile:53: lenet_cnn.elf] Error 1

23:33:19 Build Finished (took 961ms)

