22:58:18 INFO  : Registering command handlers for SDK TCF services
22:58:18 INFO  : Launching XSCT server: xsct.bat -interactive C:\cs543\mnist_hw_acc\mnist_soc\mnist_soc.sdk\temp_xsdb_launch_script.tcl
22:58:22 INFO  : XSCT server has started successfully.
22:58:22 INFO  : Successfully done setting XSCT server connection channel  
22:58:27 INFO  : Successfully done setting SDK workspace  
22:58:27 INFO  : Processing command line option -hwspec C:/cs543/mnist_hw_acc/mnist_soc/mnist_soc.sdk/mnist_bd_wrapper.hdf.
23:31:15 ERROR : Interrupted exception while waiting for the completion of command ' ::hsi::utils::set_current_hw_sw C:/cs543/mnist_hw_acc/mnist_soc/mnist_soc.sdk/mnist_bd_wrapper_hw_platform_0/system.hdf C:/cs543/mnist_hw_acc/mnist_soc/mnist_soc.sdk/standalone_bsp_0/system.mss '
13:25:24 INFO  : Registering command handlers for SDK TCF services
13:25:24 INFO  : Launching XSCT server: xsct.bat -interactive C:\cs543\mnist_hw_acc\mnist_soc\mnist_soc.sdk\temp_xsdb_launch_script.tcl
13:25:27 INFO  : XSCT server has started successfully.
13:25:32 INFO  : Successfully done setting XSCT server connection channel  
13:25:32 INFO  : Successfully done setting SDK workspace  
13:25:32 INFO  : Processing command line option -hwspec C:/cs543/mnist_hw_acc/mnist_soc/mnist_soc.sdk/mnist_bd_wrapper.hdf.
13:25:32 INFO  : Checking for hwspec changes in the project mnist_bd_wrapper_hw_platform_0.
13:25:37 INFO  : SDK has detected change in the last modified timestamps for source hardware specification file Source:1712254700980,  Project:1712202117821
13:25:37 INFO  : The hardware specification for project 'mnist_bd_wrapper_hw_platform_0' is different from C:/cs543/mnist_hw_acc/mnist_soc/mnist_soc.sdk/mnist_bd_wrapper.hdf.
13:25:37 INFO  : Copied contents of C:/cs543/mnist_hw_acc/mnist_soc/mnist_soc.sdk/mnist_bd_wrapper.hdf into \mnist_bd_wrapper_hw_platform_0\system.hdf.
13:26:14 INFO  : Synchronizing projects in the workspace with the hardware platform specification changes.
13:26:46 INFO  : 
13:26:48 INFO  : 
13:26:49 INFO  : Updating hardware inferred compiler options for lenet_cnn.
13:26:49 INFO  : Clearing existing target manager status.
13:37:06 INFO  : No changes in MSS file content so not generating sources.
22:55:45 INFO  : Connected to target on host '127.0.0.1' and port '3121'.
22:56:45 INFO  : Connected to target on host '127.0.0.1' and port '3121'.
22:57:50 INFO  : Connected to target on host '127.0.0.1' and port '3121'.
22:59:28 INFO  : Connected to target on host '127.0.0.1' and port '3121'.
22:59:33 INFO  : Connected to target on host '127.0.0.1' and port '3121'.
22:59:33 INFO  : 'targets -set -filter {jtag_cable_name =~ "Xilinx TUL 1234-tulA" && level==0} -index 1' command is executed.
22:59:35 INFO  : FPGA configured successfully with bitstream "C:/cs543/mnist_hw_acc/mnist_soc/mnist_soc.sdk/mnist_bd_wrapper_hw_platform_0/mnist_bd_wrapper.bit"
23:00:07 INFO  : 'targets -set -filter {jtag_cable_name =~ "Xilinx TUL 1234-tulA" && level==0} -index 1' command is executed.
23:00:07 INFO  : 'fpga -state' command is executed.
23:00:07 INFO  : Connected to target on host '127.0.0.1' and port '3121'.
23:00:07 INFO  : Jtag cable 'Xilinx TUL 1234-tulA' is selected.
23:00:07 INFO  : 'jtag frequency' command is executed.
23:00:07 INFO  : Sourcing of 'C:/cs543/mnist_hw_acc/mnist_soc/mnist_soc.sdk/mnist_bd_wrapper_hw_platform_0/ps7_init.tcl' is done.
23:00:07 INFO  : Context for 'APU' is selected.
23:00:08 INFO  : Hardware design information is loaded from 'C:/cs543/mnist_hw_acc/mnist_soc/mnist_soc.sdk/mnist_bd_wrapper_hw_platform_0/system.hdf'.
23:00:08 INFO  : 'configparams force-mem-access 1' command is executed.
23:00:08 INFO  : Context for 'APU' is selected.
23:00:08 INFO  : 'stop' command is executed.
23:00:08 INFO  : 'ps7_init' command is executed.
23:00:08 INFO  : 'ps7_post_config' command is executed.
23:00:08 INFO  : Context for processor 'ps7_cortexa9_0' is selected.
23:00:08 INFO  : Processor reset is completed for 'ps7_cortexa9_0'.
23:00:08 INFO  : Context for processor 'ps7_cortexa9_0' is selected.
23:00:09 INFO  : The application 'C:/cs543/mnist_hw_acc/mnist_soc/mnist_soc.sdk/lenet_cnn/Debug/lenet_cnn.elf' is downloaded to processor 'ps7_cortexa9_0'.
23:00:09 INFO  : 'configparams force-mem-access 0' command is executed.
23:00:09 INFO  : ----------------XSDB Script----------------
connect -url tcp:127.0.0.1:3121
source C:/cs543/mnist_hw_acc/mnist_soc/mnist_soc.sdk/mnist_bd_wrapper_hw_platform_0/ps7_init.tcl
targets -set -nocase -filter {name =~"APU*" && jtag_cable_name =~ "Xilinx TUL 1234-tulA"} -index 0
loadhw -hw C:/cs543/mnist_hw_acc/mnist_soc/mnist_soc.sdk/mnist_bd_wrapper_hw_platform_0/system.hdf -mem-ranges [list {0x40000000 0xbfffffff}]
configparams force-mem-access 1
targets -set -nocase -filter {name =~"APU*" && jtag_cable_name =~ "Xilinx TUL 1234-tulA"} -index 0
stop
ps7_init
ps7_post_config
targets -set -nocase -filter {name =~ "ARM*#0" && jtag_cable_name =~ "Xilinx TUL 1234-tulA"} -index 0
rst -processor
targets -set -nocase -filter {name =~ "ARM*#0" && jtag_cable_name =~ "Xilinx TUL 1234-tulA"} -index 0
dow C:/cs543/mnist_hw_acc/mnist_soc/mnist_soc.sdk/lenet_cnn/Debug/lenet_cnn.elf
configparams force-mem-access 0
----------------End of Script----------------

23:00:09 INFO  : Memory regions updated for context APU
23:00:09 INFO  : Context for processor 'ps7_cortexa9_0' is selected.
23:00:09 INFO  : 'con' command is executed.
23:00:09 INFO  : ----------------XSDB Script (After Launch)----------------
targets -set -nocase -filter {name =~ "ARM*#0" && jtag_cable_name =~ "Xilinx TUL 1234-tulA"} -index 0
con
----------------End of Script----------------

23:00:10 INFO  : Launch script is exported to file 'C:\cs543\mnist_hw_acc\mnist_soc\mnist_soc.sdk\.sdk\launch_scripts\xilinx_c-c++_application_(system_debugger)\system_debugger_using_debug_lenet_cnn.elf_on_local.tcl'
23:02:05 INFO  : Disconnected from the channel tcfchan#1.
23:02:06 INFO  : 'targets -set -filter {jtag_cable_name =~ "Xilinx TUL 1234-tulA" && level==0} -index 1' command is executed.
23:02:06 INFO  : 'fpga -state' command is executed.
23:02:06 INFO  : Connected to target on host '127.0.0.1' and port '3121'.
23:02:06 INFO  : Jtag cable 'Xilinx TUL 1234-tulA' is selected.
23:02:06 INFO  : 'jtag frequency' command is executed.
23:02:06 INFO  : Sourcing of 'C:/cs543/mnist_hw_acc/mnist_soc/mnist_soc.sdk/mnist_bd_wrapper_hw_platform_0/ps7_init.tcl' is done.
23:02:06 INFO  : Context for 'APU' is selected.
23:02:08 INFO  : Hardware design information is loaded from 'C:/cs543/mnist_hw_acc/mnist_soc/mnist_soc.sdk/mnist_bd_wrapper_hw_platform_0/system.hdf'.
23:02:08 INFO  : 'configparams force-mem-access 1' command is executed.
23:02:08 INFO  : Context for 'APU' is selected.
23:02:08 INFO  : 'stop' command is executed.
23:02:09 INFO  : 'ps7_init' command is executed.
23:02:09 INFO  : 'ps7_post_config' command is executed.
23:02:09 INFO  : Context for processor 'ps7_cortexa9_0' is selected.
23:02:09 INFO  : Processor reset is completed for 'ps7_cortexa9_0'.
23:02:09 INFO  : Context for processor 'ps7_cortexa9_0' is selected.
23:02:10 INFO  : The application 'C:/cs543/mnist_hw_acc/mnist_soc/mnist_soc.sdk/lenet_cnn/Debug/lenet_cnn.elf' is downloaded to processor 'ps7_cortexa9_0'.
23:02:10 INFO  : 'configparams force-mem-access 0' command is executed.
23:02:10 INFO  : ----------------XSDB Script----------------
connect -url tcp:127.0.0.1:3121
source C:/cs543/mnist_hw_acc/mnist_soc/mnist_soc.sdk/mnist_bd_wrapper_hw_platform_0/ps7_init.tcl
targets -set -nocase -filter {name =~"APU*" && jtag_cable_name =~ "Xilinx TUL 1234-tulA"} -index 0
loadhw -hw C:/cs543/mnist_hw_acc/mnist_soc/mnist_soc.sdk/mnist_bd_wrapper_hw_platform_0/system.hdf -mem-ranges [list {0x40000000 0xbfffffff}]
configparams force-mem-access 1
targets -set -nocase -filter {name =~"APU*" && jtag_cable_name =~ "Xilinx TUL 1234-tulA"} -index 0
stop
ps7_init
ps7_post_config
targets -set -nocase -filter {name =~ "ARM*#0" && jtag_cable_name =~ "Xilinx TUL 1234-tulA"} -index 0
rst -processor
targets -set -nocase -filter {name =~ "ARM*#0" && jtag_cable_name =~ "Xilinx TUL 1234-tulA"} -index 0
dow C:/cs543/mnist_hw_acc/mnist_soc/mnist_soc.sdk/lenet_cnn/Debug/lenet_cnn.elf
configparams force-mem-access 0
----------------End of Script----------------

23:02:10 INFO  : Memory regions updated for context APU
23:02:10 INFO  : Context for processor 'ps7_cortexa9_0' is selected.
23:02:10 INFO  : 'con' command is executed.
23:02:10 INFO  : ----------------XSDB Script (After Launch)----------------
targets -set -nocase -filter {name =~ "ARM*#0" && jtag_cable_name =~ "Xilinx TUL 1234-tulA"} -index 0
con
----------------End of Script----------------

23:02:10 INFO  : Launch script is exported to file 'C:\cs543\mnist_hw_acc\mnist_soc\mnist_soc.sdk\.sdk\launch_scripts\xilinx_c-c++_application_(system_debugger)\system_debugger_using_debug_lenet_cnn.elf_on_local.tcl'
23:05:13 INFO  : Disconnected from the channel tcfchan#2.
23:37:13 INFO  : Registering command handlers for SDK TCF services
23:37:14 INFO  : Launching XSCT server: xsct.bat -interactive C:\cs543\mnist_hw_acc\mnist_soc\mnist_soc.sdk\temp_xsdb_launch_script.tcl
23:37:17 INFO  : XSCT server has started successfully.
23:37:20 INFO  : Successfully done setting XSCT server connection channel  
23:37:20 INFO  : Successfully done setting SDK workspace  
23:37:20 INFO  : Processing command line option -hwspec C:/cs543/mnist_hw_acc/mnist_soc/mnist_soc.sdk/mnist_bd_wrapper.hdf.
23:37:21 INFO  : Checking for hwspec changes in the project mnist_bd_wrapper_hw_platform_0.
23:37:25 INFO  : SDK has detected change in the last modified timestamps for source hardware specification file Source:1712291739386,  Project:1712254700980
23:37:25 INFO  : The hardware specification for project 'mnist_bd_wrapper_hw_platform_0' is different from C:/cs543/mnist_hw_acc/mnist_soc/mnist_soc.sdk/mnist_bd_wrapper.hdf.
23:37:25 INFO  : Copied contents of C:/cs543/mnist_hw_acc/mnist_soc/mnist_soc.sdk/mnist_bd_wrapper.hdf into \mnist_bd_wrapper_hw_platform_0\system.hdf.
23:40:27 INFO  : Synchronizing projects in the workspace with the hardware platform specification changes.
23:43:33 INFO  : 
23:43:35 INFO  : 
23:43:40 INFO  : Updating hardware inferred compiler options for lenet_cnn.
23:43:40 INFO  : Clearing existing target manager status.
23:49:40 INFO  : Connected to target on host '127.0.0.1' and port '3121'.
23:49:41 INFO  : 'targets -set -filter {jtag_cable_name =~ "Xilinx TUL 1234-tulA" && level==0} -index 1' command is executed.
23:49:43 INFO  : FPGA configured successfully with bitstream "C:/cs543/mnist_hw_acc/mnist_soc/mnist_soc.sdk/mnist_bd_wrapper_hw_platform_0/mnist_bd_wrapper.bit"
23:50:00 INFO  : 'targets -set -filter {jtag_cable_name =~ "Xilinx TUL 1234-tulA" && level==0} -index 1' command is executed.
23:50:00 INFO  : 'fpga -state' command is executed.
23:50:00 INFO  : Connected to target on host '127.0.0.1' and port '3121'.
23:50:00 INFO  : Jtag cable 'Xilinx TUL 1234-tulA' is selected.
23:50:00 INFO  : 'jtag frequency' command is executed.
23:50:00 INFO  : Sourcing of 'C:/cs543/mnist_hw_acc/mnist_soc/mnist_soc.sdk/mnist_bd_wrapper_hw_platform_0/ps7_init.tcl' is done.
23:50:00 INFO  : Context for 'APU' is selected.
23:50:00 INFO  : Hardware design information is loaded from 'C:/cs543/mnist_hw_acc/mnist_soc/mnist_soc.sdk/mnist_bd_wrapper_hw_platform_0/system.hdf'.
23:50:00 INFO  : 'configparams force-mem-access 1' command is executed.
23:50:00 INFO  : Context for 'APU' is selected.
23:50:00 INFO  : 'stop' command is executed.
23:50:01 INFO  : 'ps7_init' command is executed.
23:50:01 INFO  : 'ps7_post_config' command is executed.
23:50:01 INFO  : Context for processor 'ps7_cortexa9_0' is selected.
23:50:01 INFO  : Processor reset is completed for 'ps7_cortexa9_0'.
23:50:01 INFO  : Context for processor 'ps7_cortexa9_0' is selected.
23:50:02 INFO  : The application 'C:/cs543/mnist_hw_acc/mnist_soc/mnist_soc.sdk/lenet_cnn/Debug/lenet_cnn.elf' is downloaded to processor 'ps7_cortexa9_0'.
23:50:02 INFO  : 'configparams force-mem-access 0' command is executed.
23:50:02 INFO  : ----------------XSDB Script----------------
connect -url tcp:127.0.0.1:3121
source C:/cs543/mnist_hw_acc/mnist_soc/mnist_soc.sdk/mnist_bd_wrapper_hw_platform_0/ps7_init.tcl
targets -set -nocase -filter {name =~"APU*" && jtag_cable_name =~ "Xilinx TUL 1234-tulA"} -index 0
loadhw -hw C:/cs543/mnist_hw_acc/mnist_soc/mnist_soc.sdk/mnist_bd_wrapper_hw_platform_0/system.hdf -mem-ranges [list {0x40000000 0xbfffffff}]
configparams force-mem-access 1
targets -set -nocase -filter {name =~"APU*" && jtag_cable_name =~ "Xilinx TUL 1234-tulA"} -index 0
stop
ps7_init
ps7_post_config
targets -set -nocase -filter {name =~ "ARM*#0" && jtag_cable_name =~ "Xilinx TUL 1234-tulA"} -index 0
rst -processor
targets -set -nocase -filter {name =~ "ARM*#0" && jtag_cable_name =~ "Xilinx TUL 1234-tulA"} -index 0
dow C:/cs543/mnist_hw_acc/mnist_soc/mnist_soc.sdk/lenet_cnn/Debug/lenet_cnn.elf
configparams force-mem-access 0
----------------End of Script----------------

23:50:02 INFO  : Memory regions updated for context APU
23:50:02 INFO  : Context for processor 'ps7_cortexa9_0' is selected.
23:50:02 INFO  : 'con' command is executed.
23:50:02 INFO  : ----------------XSDB Script (After Launch)----------------
targets -set -nocase -filter {name =~ "ARM*#0" && jtag_cable_name =~ "Xilinx TUL 1234-tulA"} -index 0
con
----------------End of Script----------------

23:50:02 INFO  : Launch script is exported to file 'C:\cs543\mnist_hw_acc\mnist_soc\mnist_soc.sdk\.sdk\launch_scripts\xilinx_c-c++_application_(system_debugger)\system_debugger_using_debug_lenet_cnn.elf_on_local.tcl'
00:08:25 INFO  : Disconnected from the channel tcfchan#1.
11:04:28 INFO  : Registering command handlers for SDK TCF services
11:04:29 INFO  : Launching XSCT server: xsct.bat -interactive C:\cs543\mnist_hw_acc\mnist_soc\mnist_soc.sdk\temp_xsdb_launch_script.tcl
11:04:33 INFO  : XSCT server has started successfully.
11:04:36 INFO  : Successfully done setting XSCT server connection channel  
11:04:36 INFO  : Successfully done setting SDK workspace  
11:04:36 INFO  : Processing command line option -hwspec C:/cs543/mnist_hw_acc/mnist_soc/mnist_soc.sdk/mnist_bd_wrapper.hdf.
11:04:36 INFO  : Checking for hwspec changes in the project mnist_bd_wrapper_hw_platform_0.
11:12:21 INFO  : Connected to target on host '127.0.0.1' and port '3121'.
11:12:22 INFO  : 'targets -set -filter {jtag_cable_name =~ "Xilinx TUL 1234-tulA" && level==0} -index 1' command is executed.
11:12:24 INFO  : FPGA configured successfully with bitstream "C:/cs543/mnist_hw_acc/mnist_soc/mnist_soc.sdk/mnist_bd_wrapper_hw_platform_0/mnist_bd_wrapper.bit"
11:12:36 INFO  : 'targets -set -filter {jtag_cable_name =~ "Xilinx TUL 1234-tulA" && level==0} -index 1' command is executed.
11:12:36 INFO  : 'fpga -state' command is executed.
11:12:36 INFO  : Connected to target on host '127.0.0.1' and port '3121'.
11:12:36 INFO  : Jtag cable 'Xilinx TUL 1234-tulA' is selected.
11:12:36 INFO  : 'jtag frequency' command is executed.
11:12:36 INFO  : Sourcing of 'C:/cs543/mnist_hw_acc/mnist_soc/mnist_soc.sdk/mnist_bd_wrapper_hw_platform_0/ps7_init.tcl' is done.
11:12:36 INFO  : Context for 'APU' is selected.
11:12:36 INFO  : Hardware design information is loaded from 'C:/cs543/mnist_hw_acc/mnist_soc/mnist_soc.sdk/mnist_bd_wrapper_hw_platform_0/system.hdf'.
11:12:36 INFO  : 'configparams force-mem-access 1' command is executed.
11:12:36 INFO  : Context for 'APU' is selected.
11:12:36 INFO  : 'stop' command is executed.
11:12:37 INFO  : 'ps7_init' command is executed.
11:12:37 INFO  : 'ps7_post_config' command is executed.
11:12:37 INFO  : Context for processor 'ps7_cortexa9_0' is selected.
11:12:37 INFO  : Processor reset is completed for 'ps7_cortexa9_0'.
11:12:37 INFO  : Context for processor 'ps7_cortexa9_0' is selected.
11:12:38 INFO  : The application 'C:/cs543/mnist_hw_acc/mnist_soc/mnist_soc.sdk/lenet_cnn/Debug/lenet_cnn.elf' is downloaded to processor 'ps7_cortexa9_0'.
11:12:38 INFO  : 'configparams force-mem-access 0' command is executed.
11:12:38 INFO  : ----------------XSDB Script----------------
connect -url tcp:127.0.0.1:3121
source C:/cs543/mnist_hw_acc/mnist_soc/mnist_soc.sdk/mnist_bd_wrapper_hw_platform_0/ps7_init.tcl
targets -set -nocase -filter {name =~"APU*" && jtag_cable_name =~ "Xilinx TUL 1234-tulA"} -index 0
loadhw -hw C:/cs543/mnist_hw_acc/mnist_soc/mnist_soc.sdk/mnist_bd_wrapper_hw_platform_0/system.hdf -mem-ranges [list {0x40000000 0xbfffffff}]
configparams force-mem-access 1
targets -set -nocase -filter {name =~"APU*" && jtag_cable_name =~ "Xilinx TUL 1234-tulA"} -index 0
stop
ps7_init
ps7_post_config
targets -set -nocase -filter {name =~ "ARM*#0" && jtag_cable_name =~ "Xilinx TUL 1234-tulA"} -index 0
rst -processor
targets -set -nocase -filter {name =~ "ARM*#0" && jtag_cable_name =~ "Xilinx TUL 1234-tulA"} -index 0
dow C:/cs543/mnist_hw_acc/mnist_soc/mnist_soc.sdk/lenet_cnn/Debug/lenet_cnn.elf
configparams force-mem-access 0
----------------End of Script----------------

11:12:38 INFO  : Memory regions updated for context APU
11:12:38 INFO  : Context for processor 'ps7_cortexa9_0' is selected.
11:12:38 INFO  : 'con' command is executed.
11:12:38 INFO  : ----------------XSDB Script (After Launch)----------------
targets -set -nocase -filter {name =~ "ARM*#0" && jtag_cable_name =~ "Xilinx TUL 1234-tulA"} -index 0
con
----------------End of Script----------------

11:12:38 INFO  : Launch script is exported to file 'C:\cs543\mnist_hw_acc\mnist_soc\mnist_soc.sdk\.sdk\launch_scripts\xilinx_c-c++_application_(system_debugger)\system_debugger_using_debug_lenet_cnn.elf_on_local.tcl'
11:20:33 INFO  : Disconnected from the channel tcfchan#1.
11:20:34 INFO  : 'targets -set -filter {jtag_cable_name =~ "Xilinx TUL 1234-tulA" && level==0} -index 1' command is executed.
11:20:34 INFO  : 'fpga -state' command is executed.
11:20:34 INFO  : Connected to target on host '127.0.0.1' and port '3121'.
11:20:34 INFO  : Jtag cable 'Xilinx TUL 1234-tulA' is selected.
11:20:34 INFO  : 'jtag frequency' command is executed.
11:20:34 INFO  : Sourcing of 'C:/cs543/mnist_hw_acc/mnist_soc/mnist_soc.sdk/mnist_bd_wrapper_hw_platform_0/ps7_init.tcl' is done.
11:20:34 INFO  : Context for 'APU' is selected.
11:20:36 INFO  : Hardware design information is loaded from 'C:/cs543/mnist_hw_acc/mnist_soc/mnist_soc.sdk/mnist_bd_wrapper_hw_platform_0/system.hdf'.
11:20:36 INFO  : 'configparams force-mem-access 1' command is executed.
11:20:36 INFO  : Context for 'APU' is selected.
11:20:36 INFO  : 'stop' command is executed.
11:20:36 INFO  : 'ps7_init' command is executed.
11:20:36 INFO  : 'ps7_post_config' command is executed.
11:20:36 INFO  : Context for processor 'ps7_cortexa9_0' is selected.
11:20:36 INFO  : Processor reset is completed for 'ps7_cortexa9_0'.
11:20:37 INFO  : Context for processor 'ps7_cortexa9_0' is selected.
11:20:38 INFO  : The application 'C:/cs543/mnist_hw_acc/mnist_soc/mnist_soc.sdk/lenet_cnn/Debug/lenet_cnn.elf' is downloaded to processor 'ps7_cortexa9_0'.
11:20:38 INFO  : 'configparams force-mem-access 0' command is executed.
11:20:38 INFO  : ----------------XSDB Script----------------
connect -url tcp:127.0.0.1:3121
source C:/cs543/mnist_hw_acc/mnist_soc/mnist_soc.sdk/mnist_bd_wrapper_hw_platform_0/ps7_init.tcl
targets -set -nocase -filter {name =~"APU*" && jtag_cable_name =~ "Xilinx TUL 1234-tulA"} -index 0
loadhw -hw C:/cs543/mnist_hw_acc/mnist_soc/mnist_soc.sdk/mnist_bd_wrapper_hw_platform_0/system.hdf -mem-ranges [list {0x40000000 0xbfffffff}]
configparams force-mem-access 1
targets -set -nocase -filter {name =~"APU*" && jtag_cable_name =~ "Xilinx TUL 1234-tulA"} -index 0
stop
ps7_init
ps7_post_config
targets -set -nocase -filter {name =~ "ARM*#0" && jtag_cable_name =~ "Xilinx TUL 1234-tulA"} -index 0
rst -processor
targets -set -nocase -filter {name =~ "ARM*#0" && jtag_cable_name =~ "Xilinx TUL 1234-tulA"} -index 0
dow C:/cs543/mnist_hw_acc/mnist_soc/mnist_soc.sdk/lenet_cnn/Debug/lenet_cnn.elf
configparams force-mem-access 0
----------------End of Script----------------

11:20:38 INFO  : Memory regions updated for context APU
11:20:38 INFO  : Context for processor 'ps7_cortexa9_0' is selected.
11:20:38 INFO  : 'con' command is executed.
11:20:38 INFO  : ----------------XSDB Script (After Launch)----------------
targets -set -nocase -filter {name =~ "ARM*#0" && jtag_cable_name =~ "Xilinx TUL 1234-tulA"} -index 0
con
----------------End of Script----------------

11:20:38 INFO  : Launch script is exported to file 'C:\cs543\mnist_hw_acc\mnist_soc\mnist_soc.sdk\.sdk\launch_scripts\xilinx_c-c++_application_(system_debugger)\system_debugger_using_debug_lenet_cnn.elf_on_local.tcl'
11:27:43 INFO  : Disconnected from the channel tcfchan#2.
11:27:44 INFO  : 'targets -set -filter {jtag_cable_name =~ "Xilinx TUL 1234-tulA" && level==0} -index 1' command is executed.
11:27:44 INFO  : 'fpga -state' command is executed.
11:27:44 INFO  : Connected to target on host '127.0.0.1' and port '3121'.
11:27:44 INFO  : Jtag cable 'Xilinx TUL 1234-tulA' is selected.
11:27:44 INFO  : 'jtag frequency' command is executed.
11:27:44 INFO  : Sourcing of 'C:/cs543/mnist_hw_acc/mnist_soc/mnist_soc.sdk/mnist_bd_wrapper_hw_platform_0/ps7_init.tcl' is done.
11:27:44 INFO  : Context for 'APU' is selected.
11:27:46 INFO  : Hardware design information is loaded from 'C:/cs543/mnist_hw_acc/mnist_soc/mnist_soc.sdk/mnist_bd_wrapper_hw_platform_0/system.hdf'.
11:27:46 INFO  : 'configparams force-mem-access 1' command is executed.
11:27:46 INFO  : Context for 'APU' is selected.
11:27:46 INFO  : 'stop' command is executed.
11:27:47 INFO  : 'ps7_init' command is executed.
11:27:47 INFO  : 'ps7_post_config' command is executed.
11:27:47 INFO  : Context for processor 'ps7_cortexa9_0' is selected.
11:27:47 INFO  : Processor reset is completed for 'ps7_cortexa9_0'.
11:27:47 INFO  : Context for processor 'ps7_cortexa9_0' is selected.
11:27:48 INFO  : The application 'C:/cs543/mnist_hw_acc/mnist_soc/mnist_soc.sdk/lenet_cnn/Debug/lenet_cnn.elf' is downloaded to processor 'ps7_cortexa9_0'.
11:27:48 INFO  : 'configparams force-mem-access 0' command is executed.
11:27:48 INFO  : ----------------XSDB Script----------------
connect -url tcp:127.0.0.1:3121
source C:/cs543/mnist_hw_acc/mnist_soc/mnist_soc.sdk/mnist_bd_wrapper_hw_platform_0/ps7_init.tcl
targets -set -nocase -filter {name =~"APU*" && jtag_cable_name =~ "Xilinx TUL 1234-tulA"} -index 0
loadhw -hw C:/cs543/mnist_hw_acc/mnist_soc/mnist_soc.sdk/mnist_bd_wrapper_hw_platform_0/system.hdf -mem-ranges [list {0x40000000 0xbfffffff}]
configparams force-mem-access 1
targets -set -nocase -filter {name =~"APU*" && jtag_cable_name =~ "Xilinx TUL 1234-tulA"} -index 0
stop
ps7_init
ps7_post_config
targets -set -nocase -filter {name =~ "ARM*#0" && jtag_cable_name =~ "Xilinx TUL 1234-tulA"} -index 0
rst -processor
targets -set -nocase -filter {name =~ "ARM*#0" && jtag_cable_name =~ "Xilinx TUL 1234-tulA"} -index 0
dow C:/cs543/mnist_hw_acc/mnist_soc/mnist_soc.sdk/lenet_cnn/Debug/lenet_cnn.elf
configparams force-mem-access 0
----------------End of Script----------------

11:27:48 INFO  : Memory regions updated for context APU
11:27:48 INFO  : Context for processor 'ps7_cortexa9_0' is selected.
11:27:48 INFO  : 'con' command is executed.
11:27:48 INFO  : ----------------XSDB Script (After Launch)----------------
targets -set -nocase -filter {name =~ "ARM*#0" && jtag_cable_name =~ "Xilinx TUL 1234-tulA"} -index 0
con
----------------End of Script----------------

11:27:48 INFO  : Launch script is exported to file 'C:\cs543\mnist_hw_acc\mnist_soc\mnist_soc.sdk\.sdk\launch_scripts\xilinx_c-c++_application_(system_debugger)\system_debugger_using_debug_lenet_cnn.elf_on_local.tcl'
15:27:09 INFO  : Disconnected from the channel tcfchan#3.
11:38:47 INFO  : Registering command handlers for SDK TCF services
11:38:48 INFO  : Launching XSCT server: xsct.bat -interactive C:\cs543\mnist_hw_acc\mnist_soc\mnist_soc.sdk\temp_xsdb_launch_script.tcl
11:38:51 INFO  : XSCT server has started successfully.
11:38:51 INFO  : Successfully done setting XSCT server connection channel  
11:38:55 INFO  : Successfully done setting SDK workspace  
11:38:55 INFO  : Processing command line option -hwspec C:/cs543/mnist_hw_acc/mnist_soc/mnist_soc.sdk/mnist_bd_wrapper.hdf.
11:38:55 INFO  : Checking for hwspec changes in the project mnist_bd_wrapper_hw_platform_0.
