

================================================================
== Vivado HLS Report for 'max_pooling2'
================================================================
* Date:           Thu Apr  4 23:14:05 2024

* Version:        2019.1 (Build 2552052 on Fri May 24 15:28:33 MDT 2019)
* Project:        lenet_cnn_hls
* Solution:       solution1
* Product family: zynq
* Target device:  xc7z020-clg400-1


================================================================
== Performance Estimates
================================================================
+ Timing (ns): 
    * Summary: 
    +--------+-------+----------+------------+
    |  Clock | Target| Estimated| Uncertainty|
    +--------+-------+----------+------------+
    |ap_clk  |  10.00|     8.685|        1.25|
    +--------+-------+----------+------------+

+ Latency (clock cycles): 
    * Summary: 
    +------+------+------+------+---------+
    |   Latency   |   Interval  | Pipeline|
    |  min |  max |  min |  max |   Type  |
    +------+------+------+------+---------+
    |  9416|  9416|  9416|  9416|   none  |
    +------+------+------+------+---------+

    + Detail: 
        * Instance: 
        N/A

        * Loop: 
        +----------+------+------+----------+-----------+-----------+------+----------+
        |          |   Latency   | Iteration|  Initiation Interval  | Trip |          |
        | Loop Name|  min |  max |  Latency |  achieved |   target  | Count| Pipelined|
        +----------+------+------+----------+-----------+-----------+------+----------+
        |- Loop 1  |  9414|  9414|         9|          2|          1|  4704|    yes   |
        +----------+------+------+----------+-----------+-----------+------+----------+

============================================================
+ Verbose Summary: Synthesis Manager
============================================================
InlineROM: 1
ExposeGlobal: 0
============================================================
+ Verbose Summary: CDFG Model
============================================================
IsTopModel: 0
ResetActiveHigh: 1
IsCombinational: 0
IsDatapathOnly: 0
HasWiredReturn: 1
HasMFsm: 0
HasVarLatency: 1
IsPipeline: 0
IsRtlPipelined: 0
IsInstanceOverlapped: 0
IsDontTouch: 0
HasImplIP: 0
IsGatedGlobalClock: 0

+ Individual pipeline summary: 
  * Pipeline-0: initiation interval (II) = 2, depth = 9


============================================================
+ Verbose Summary: Schedule
============================================================
* Number of FSM states : 11
* Pipeline : 1
  Pipeline-0 : II = 2, D = 9, States = { 2 3 4 5 6 7 8 9 10 }
* Dataflow Pipeline: 0

* FSM state transitions: 
1 --> 2 
2 --> 11 3 
3 --> 4 
4 --> 5 
5 --> 6 
6 --> 7 
7 --> 8 
8 --> 9 
9 --> 10 
10 --> 2 
11 --> 

* FSM state operations: 

State 1 <SV = 0> <Delay = 1.76>
ST_1 : Operation 12 [1/1] (0.00ns)   --->   "%max_value_4 = alloca float"   --->   Operation 12 'alloca' 'max_value_4' <Predicate = true> <Delay = 0.00>
ST_1 : Operation 13 [1/1] (1.76ns)   --->   "br label %.preheader" [lenet_cnn_hls/lenet_cnn.cpp:32]   --->   Operation 13 'br' <Predicate = true> <Delay = 1.76>

State 2 <SV = 1> <Delay = 8.62>
ST_2 : Operation 14 [1/1] (0.00ns)   --->   "%indvar_flatten117 = phi i13 [ 0, %0 ], [ %add_ln32, %hls_label_1_end ]" [lenet_cnn_hls/lenet_cnn.cpp:32]   --->   Operation 14 'phi' 'indvar_flatten117' <Predicate = true> <Delay = 0.00>
ST_2 : Operation 15 [1/1] (0.00ns)   --->   "%c_0 = phi i3 [ 0, %0 ], [ %select_ln41_1, %hls_label_1_end ]" [lenet_cnn_hls/lenet_cnn.cpp:41]   --->   Operation 15 'phi' 'c_0' <Predicate = true> <Delay = 0.00>
ST_2 : Operation 16 [1/1] (0.00ns)   --->   "%indvar_flatten63 = phi i10 [ 0, %0 ], [ %select_ln33_5, %hls_label_1_end ]" [lenet_cnn_hls/lenet_cnn.cpp:33]   --->   Operation 16 'phi' 'indvar_flatten63' <Predicate = true> <Delay = 0.00>
ST_2 : Operation 17 [1/1] (0.00ns)   --->   "%h_0 = phi i4 [ 0, %0 ], [ %select_ln33_2, %hls_label_1_end ]" [lenet_cnn_hls/lenet_cnn.cpp:33]   --->   Operation 17 'phi' 'h_0' <Predicate = true> <Delay = 0.00>
ST_2 : Operation 18 [1/1] (0.00ns)   --->   "%indvar_flatten24 = phi i7 [ 0, %0 ], [ %select_ln34_4, %hls_label_1_end ]" [lenet_cnn_hls/lenet_cnn.cpp:34]   --->   Operation 18 'phi' 'indvar_flatten24' <Predicate = true> <Delay = 0.00>
ST_2 : Operation 19 [1/1] (0.00ns)   --->   "%w_0 = phi i4 [ 0, %0 ], [ %select_ln34_2, %hls_label_1_end ]" [lenet_cnn_hls/lenet_cnn.cpp:34]   --->   Operation 19 'phi' 'w_0' <Predicate = true> <Delay = 0.00>
ST_2 : Operation 20 [1/1] (0.00ns)   --->   "%indvar_flatten = phi i4 [ 0, %0 ], [ %select_ln35_5, %hls_label_1_end ]" [lenet_cnn_hls/lenet_cnn.cpp:35]   --->   Operation 20 'phi' 'indvar_flatten' <Predicate = true> <Delay = 0.00>
ST_2 : Operation 21 [1/1] (0.00ns)   --->   "%i_0 = phi i2 [ 0, %0 ], [ %select_ln35_4, %hls_label_1_end ]" [lenet_cnn_hls/lenet_cnn.cpp:35]   --->   Operation 21 'phi' 'i_0' <Predicate = true> <Delay = 0.00>
ST_2 : Operation 22 [1/1] (0.00ns)   --->   "%j_0 = phi i2 [ 0, %0 ], [ %j, %hls_label_1_end ]"   --->   Operation 22 'phi' 'j_0' <Predicate = true> <Delay = 0.00>
ST_2 : Operation 23 [1/1] (0.00ns)   --->   "%shl_ln = call i5 @_ssdm_op_BitConcatenate.i5.i4.i1(i4 %h_0, i1 false)" [lenet_cnn_hls/lenet_cnn.cpp:40]   --->   Operation 23 'bitconcatenate' 'shl_ln' <Predicate = true> <Delay = 0.00>
ST_2 : Operation 24 [1/1] (0.00ns)   --->   "%zext_ln35 = zext i2 %i_0 to i5" [lenet_cnn_hls/lenet_cnn.cpp:35]   --->   Operation 24 'zext' 'zext_ln35' <Predicate = true> <Delay = 0.00>
ST_2 : Operation 25 [1/1] (1.78ns)   --->   "%add_ln40 = add i5 %shl_ln, %zext_ln35" [lenet_cnn_hls/lenet_cnn.cpp:40]   --->   Operation 25 'add' 'add_ln40' <Predicate = true> <Delay = 1.78> <Core = "AddSub">   --->   Core 14 'AddSub' <Latency = 0> <II = 1> <Delay = 1.73> <FuncUnit> <Opcode : 'add' 'sub'> <InPorts = 2> <OutPorts = 1>
ST_2 : Operation 26 [1/1] (2.09ns)   --->   "%icmp_ln32 = icmp eq i13 %indvar_flatten117, -3488" [lenet_cnn_hls/lenet_cnn.cpp:32]   --->   Operation 26 'icmp' 'icmp_ln32' <Predicate = true> <Delay = 2.09> <Core = "Cmp">   --->   Core 25 'Cmp' <Latency = 0> <II = 1> <Delay = 2.44> <FuncUnit> <Opcode : 'icmp'> <InPorts = 2> <OutPorts = 1>
ST_2 : Operation 27 [1/1] (1.67ns)   --->   "%add_ln32 = add i13 %indvar_flatten117, 1" [lenet_cnn_hls/lenet_cnn.cpp:32]   --->   Operation 27 'add' 'add_ln32' <Predicate = true> <Delay = 1.67> <Core = "AddSub">   --->   Core 14 'AddSub' <Latency = 0> <II = 1> <Delay = 1.73> <FuncUnit> <Opcode : 'add' 'sub'> <InPorts = 2> <OutPorts = 1>
ST_2 : Operation 28 [1/1] (0.00ns)   --->   "br i1 %icmp_ln32, label %2, label %hls_label_1_begin" [lenet_cnn_hls/lenet_cnn.cpp:32]   --->   Operation 28 'br' <Predicate = true> <Delay = 0.00>
ST_2 : Operation 29 [1/1] (1.65ns)   --->   "%c = add i3 1, %c_0" [lenet_cnn_hls/lenet_cnn.cpp:32]   --->   Operation 29 'add' 'c' <Predicate = (!icmp_ln32)> <Delay = 1.65> <Core = "AddSub">   --->   Core 14 'AddSub' <Latency = 0> <II = 1> <Delay = 1.73> <FuncUnit> <Opcode : 'add' 'sub'> <InPorts = 2> <OutPorts = 1>
ST_2 : Operation 30 [1/1] (1.77ns)   --->   "%icmp_ln33 = icmp eq i10 %indvar_flatten63, -240" [lenet_cnn_hls/lenet_cnn.cpp:33]   --->   Operation 30 'icmp' 'icmp_ln33' <Predicate = (!icmp_ln32)> <Delay = 1.77> <Core = "Cmp">   --->   Core 25 'Cmp' <Latency = 0> <II = 1> <Delay = 2.44> <FuncUnit> <Opcode : 'icmp'> <InPorts = 2> <OutPorts = 1>
ST_2 : Operation 31 [1/1] (1.02ns)   --->   "%select_ln41 = select i1 %icmp_ln33, i4 0, i4 %h_0" [lenet_cnn_hls/lenet_cnn.cpp:41]   --->   Operation 31 'select' 'select_ln41' <Predicate = (!icmp_ln32)> <Delay = 1.02> <Core = "Sel">   --->   Core 26 'Sel' <Latency = 0> <II = 1> <Delay = 0.68> <FuncUnit> <Opcode : 'select'> <InPorts = 3> <OutPorts = 1>
ST_2 : Operation 32 [1/1] (0.97ns)   --->   "%xor_ln41 = xor i1 %icmp_ln33, true" [lenet_cnn_hls/lenet_cnn.cpp:41]   --->   Operation 32 'xor' 'xor_ln41' <Predicate = (!icmp_ln32)> <Delay = 0.97> <Core = "LogicGate">   --->   Core 27 'LogicGate' <Latency = 0> <II = 1> <Delay = 0.97> <FuncUnit> <Opcode : 'and' 'or' 'xor'> <InPorts = 2> <OutPorts = 1>
ST_2 : Operation 33 [1/1] (0.00ns) (grouped into LUT with out node select_ln35_1)   --->   "%trunc_ln35 = trunc i2 %i_0 to i1" [lenet_cnn_hls/lenet_cnn.cpp:35]   --->   Operation 33 'trunc' 'trunc_ln35' <Predicate = (!icmp_ln32)> <Delay = 0.00>
ST_2 : Operation 34 [1/1] (0.00ns) (grouped into LUT with out node select_ln35_1)   --->   "%and_ln41_2 = and i1 %trunc_ln35, %xor_ln41" [lenet_cnn_hls/lenet_cnn.cpp:41]   --->   Operation 34 'and' 'and_ln41_2' <Predicate = (!icmp_ln32)> <Delay = 0.00> <Core = "LogicGate">   --->   Core 27 'LogicGate' <Latency = 0> <II = 1> <Delay = 0.97> <FuncUnit> <Opcode : 'and' 'or' 'xor'> <InPorts = 2> <OutPorts = 1>
ST_2 : Operation 35 [1/1] (0.95ns)   --->   "%icmp_ln44 = icmp eq i2 %i_0, 1" [lenet_cnn_hls/lenet_cnn.cpp:44]   --->   Operation 35 'icmp' 'icmp_ln44' <Predicate = (!icmp_ln32)> <Delay = 0.95> <Core = "Cmp">   --->   Core 25 'Cmp' <Latency = 0> <II = 1> <Delay = 2.44> <FuncUnit> <Opcode : 'icmp'> <InPorts = 2> <OutPorts = 1>
ST_2 : Operation 36 [1/1] (0.00ns) (grouped into LUT with out node select_ln35_3)   --->   "%and_ln41_3 = and i1 %icmp_ln44, %xor_ln41" [lenet_cnn_hls/lenet_cnn.cpp:41]   --->   Operation 36 'and' 'and_ln41_3' <Predicate = (!icmp_ln32)> <Delay = 0.00> <Core = "LogicGate">   --->   Core 27 'LogicGate' <Latency = 0> <II = 1> <Delay = 0.97> <FuncUnit> <Opcode : 'and' 'or' 'xor'> <InPorts = 2> <OutPorts = 1>
ST_2 : Operation 37 [1/1] (0.95ns)   --->   "%icmp_ln36 = icmp eq i2 %j_0, -2" [lenet_cnn_hls/lenet_cnn.cpp:36]   --->   Operation 37 'icmp' 'icmp_ln36' <Predicate = (!icmp_ln32)> <Delay = 0.95> <Core = "Cmp">   --->   Core 25 'Cmp' <Latency = 0> <II = 1> <Delay = 2.44> <FuncUnit> <Opcode : 'icmp'> <InPorts = 2> <OutPorts = 1>
ST_2 : Operation 38 [1/1] (0.00ns) (grouped into LUT with out node and_ln34_2)   --->   "%and_ln41_4 = and i1 %icmp_ln36, %xor_ln41" [lenet_cnn_hls/lenet_cnn.cpp:41]   --->   Operation 38 'and' 'and_ln41_4' <Predicate = (!icmp_ln32)> <Delay = 0.00> <Core = "LogicGate">   --->   Core 27 'LogicGate' <Latency = 0> <II = 1> <Delay = 0.97> <FuncUnit> <Opcode : 'and' 'or' 'xor'> <InPorts = 2> <OutPorts = 1>
ST_2 : Operation 39 [1/1] (1.30ns)   --->   "%icmp_ln35 = icmp eq i4 %indvar_flatten, 4" [lenet_cnn_hls/lenet_cnn.cpp:35]   --->   Operation 39 'icmp' 'icmp_ln35' <Predicate = (!icmp_ln32)> <Delay = 1.30> <Core = "Cmp">   --->   Core 25 'Cmp' <Latency = 0> <II = 1> <Delay = 2.44> <FuncUnit> <Opcode : 'icmp'> <InPorts = 2> <OutPorts = 1>
ST_2 : Operation 40 [1/1] (0.00ns) (grouped into LUT with out node and_ln33_3)   --->   "%and_ln41_5 = and i1 %icmp_ln35, %xor_ln41" [lenet_cnn_hls/lenet_cnn.cpp:41]   --->   Operation 40 'and' 'and_ln41_5' <Predicate = (!icmp_ln32)> <Delay = 0.00> <Core = "LogicGate">   --->   Core 27 'LogicGate' <Latency = 0> <II = 1> <Delay = 0.97> <FuncUnit> <Opcode : 'and' 'or' 'xor'> <InPorts = 2> <OutPorts = 1>
ST_2 : Operation 41 [1/1] (1.48ns)   --->   "%icmp_ln34 = icmp eq i7 %indvar_flatten24, 56" [lenet_cnn_hls/lenet_cnn.cpp:34]   --->   Operation 41 'icmp' 'icmp_ln34' <Predicate = (!icmp_ln32)> <Delay = 1.48> <Core = "Cmp">   --->   Core 25 'Cmp' <Latency = 0> <II = 1> <Delay = 2.44> <FuncUnit> <Opcode : 'icmp'> <InPorts = 2> <OutPorts = 1>
ST_2 : Operation 42 [1/1] (0.97ns)   --->   "%and_ln41_6 = and i1 %icmp_ln34, %xor_ln41" [lenet_cnn_hls/lenet_cnn.cpp:41]   --->   Operation 42 'and' 'and_ln41_6' <Predicate = (!icmp_ln32)> <Delay = 0.97> <Core = "LogicGate">   --->   Core 27 'LogicGate' <Latency = 0> <II = 1> <Delay = 0.97> <FuncUnit> <Opcode : 'and' 'or' 'xor'> <InPorts = 2> <OutPorts = 1>
ST_2 : Operation 43 [1/1] (1.73ns)   --->   "%h = add i4 1, %select_ln41" [lenet_cnn_hls/lenet_cnn.cpp:33]   --->   Operation 43 'add' 'h' <Predicate = (!icmp_ln32)> <Delay = 1.73> <Core = "AddSub">   --->   Core 14 'AddSub' <Latency = 0> <II = 1> <Delay = 1.73> <FuncUnit> <Opcode : 'add' 'sub'> <InPorts = 2> <OutPorts = 1>
ST_2 : Operation 44 [1/1] (0.97ns)   --->   "%or_ln33 = or i1 %and_ln41_6, %icmp_ln33" [lenet_cnn_hls/lenet_cnn.cpp:33]   --->   Operation 44 'or' 'or_ln33' <Predicate = (!icmp_ln32)> <Delay = 0.97> <Core = "LogicGate">   --->   Core 27 'LogicGate' <Latency = 0> <II = 1> <Delay = 0.97> <FuncUnit> <Opcode : 'and' 'or' 'xor'> <InPorts = 2> <OutPorts = 1>
ST_2 : Operation 45 [1/1] (0.00ns) (grouped into LUT with out node or_ln33_1)   --->   "%xor_ln33 = xor i1 %icmp_ln34, true" [lenet_cnn_hls/lenet_cnn.cpp:33]   --->   Operation 45 'xor' 'xor_ln33' <Predicate = (!icmp_ln32)> <Delay = 0.00> <Core = "LogicGate">   --->   Core 27 'LogicGate' <Latency = 0> <II = 1> <Delay = 0.97> <FuncUnit> <Opcode : 'and' 'or' 'xor'> <InPorts = 2> <OutPorts = 1>
ST_2 : Operation 46 [1/1] (0.97ns) (out node of the LUT)   --->   "%or_ln33_1 = or i1 %icmp_ln33, %xor_ln33" [lenet_cnn_hls/lenet_cnn.cpp:33]   --->   Operation 46 'or' 'or_ln33_1' <Predicate = (!icmp_ln32)> <Delay = 0.97> <Core = "LogicGate">   --->   Core 27 'LogicGate' <Latency = 0> <II = 1> <Delay = 0.97> <FuncUnit> <Opcode : 'and' 'or' 'xor'> <InPorts = 2> <OutPorts = 1>
ST_2 : Operation 47 [1/1] (0.00ns) (grouped into LUT with out node select_ln35_1)   --->   "%and_ln33 = and i1 %and_ln41_2, %or_ln33_1" [lenet_cnn_hls/lenet_cnn.cpp:33]   --->   Operation 47 'and' 'and_ln33' <Predicate = (!icmp_ln32)> <Delay = 0.00> <Core = "LogicGate">   --->   Core 27 'LogicGate' <Latency = 0> <II = 1> <Delay = 0.97> <FuncUnit> <Opcode : 'and' 'or' 'xor'> <InPorts = 2> <OutPorts = 1>
ST_2 : Operation 48 [1/1] (0.00ns) (grouped into LUT with out node select_ln35_3)   --->   "%and_ln33_1 = and i1 %and_ln41_3, %or_ln33_1" [lenet_cnn_hls/lenet_cnn.cpp:33]   --->   Operation 48 'and' 'and_ln33_1' <Predicate = (!icmp_ln32)> <Delay = 0.00> <Core = "LogicGate">   --->   Core 27 'LogicGate' <Latency = 0> <II = 1> <Delay = 0.97> <FuncUnit> <Opcode : 'and' 'or' 'xor'> <InPorts = 2> <OutPorts = 1>
ST_2 : Operation 49 [1/1] (0.00ns) (grouped into LUT with out node and_ln34_2)   --->   "%and_ln33_2 = and i1 %and_ln41_4, %or_ln33_1" [lenet_cnn_hls/lenet_cnn.cpp:33]   --->   Operation 49 'and' 'and_ln33_2' <Predicate = (!icmp_ln32)> <Delay = 0.00> <Core = "LogicGate">   --->   Core 27 'LogicGate' <Latency = 0> <II = 1> <Delay = 0.97> <FuncUnit> <Opcode : 'and' 'or' 'xor'> <InPorts = 2> <OutPorts = 1>
ST_2 : Operation 50 [1/1] (0.97ns) (out node of the LUT)   --->   "%and_ln33_3 = and i1 %and_ln41_5, %or_ln33_1" [lenet_cnn_hls/lenet_cnn.cpp:33]   --->   Operation 50 'and' 'and_ln33_3' <Predicate = (!icmp_ln32)> <Delay = 0.97> <Core = "LogicGate">   --->   Core 27 'LogicGate' <Latency = 0> <II = 1> <Delay = 0.97> <FuncUnit> <Opcode : 'and' 'or' 'xor'> <InPorts = 2> <OutPorts = 1>
ST_2 : Operation 51 [1/1] (0.00ns) (grouped into LUT with out node or_ln34_1)   --->   "%or_ln34 = or i1 %and_ln33_3, %and_ln41_6" [lenet_cnn_hls/lenet_cnn.cpp:34]   --->   Operation 51 'or' 'or_ln34' <Predicate = (!icmp_ln32)> <Delay = 0.00> <Core = "LogicGate">   --->   Core 27 'LogicGate' <Latency = 0> <II = 1> <Delay = 0.97> <FuncUnit> <Opcode : 'and' 'or' 'xor'> <InPorts = 2> <OutPorts = 1>
ST_2 : Operation 52 [1/1] (0.97ns) (out node of the LUT)   --->   "%or_ln34_1 = or i1 %or_ln34, %icmp_ln33" [lenet_cnn_hls/lenet_cnn.cpp:34]   --->   Operation 52 'or' 'or_ln34_1' <Predicate = (!icmp_ln32)> <Delay = 0.97> <Core = "LogicGate">   --->   Core 27 'LogicGate' <Latency = 0> <II = 1> <Delay = 0.97> <FuncUnit> <Opcode : 'and' 'or' 'xor'> <InPorts = 2> <OutPorts = 1>
ST_2 : Operation 53 [1/1] (0.99ns)   --->   "%select_ln34 = select i1 %or_ln34_1, i2 0, i2 %i_0" [lenet_cnn_hls/lenet_cnn.cpp:34]   --->   Operation 53 'select' 'select_ln34' <Predicate = (!icmp_ln32)> <Delay = 0.99> <Core = "Sel">   --->   Core 26 'Sel' <Latency = 0> <II = 1> <Delay = 0.68> <FuncUnit> <Opcode : 'select'> <InPorts = 3> <OutPorts = 1>
ST_2 : Operation 54 [1/1] (0.97ns)   --->   "%xor_ln34 = xor i1 %and_ln33_3, true" [lenet_cnn_hls/lenet_cnn.cpp:34]   --->   Operation 54 'xor' 'xor_ln34' <Predicate = (!icmp_ln32)> <Delay = 0.97> <Core = "LogicGate">   --->   Core 27 'LogicGate' <Latency = 0> <II = 1> <Delay = 0.97> <FuncUnit> <Opcode : 'and' 'or' 'xor'> <InPorts = 2> <OutPorts = 1>
ST_2 : Operation 55 [1/1] (0.00ns) (grouped into LUT with out node select_ln35_1)   --->   "%and_ln34 = and i1 %and_ln33, %xor_ln34" [lenet_cnn_hls/lenet_cnn.cpp:34]   --->   Operation 55 'and' 'and_ln34' <Predicate = (!icmp_ln32)> <Delay = 0.00> <Core = "LogicGate">   --->   Core 27 'LogicGate' <Latency = 0> <II = 1> <Delay = 0.97> <FuncUnit> <Opcode : 'and' 'or' 'xor'> <InPorts = 2> <OutPorts = 1>
ST_2 : Operation 56 [1/1] (0.00ns) (grouped into LUT with out node select_ln35_3)   --->   "%and_ln34_1 = and i1 %and_ln33_1, %xor_ln34" [lenet_cnn_hls/lenet_cnn.cpp:34]   --->   Operation 56 'and' 'and_ln34_1' <Predicate = (!icmp_ln32)> <Delay = 0.00> <Core = "LogicGate">   --->   Core 27 'LogicGate' <Latency = 0> <II = 1> <Delay = 0.97> <FuncUnit> <Opcode : 'and' 'or' 'xor'> <InPorts = 2> <OutPorts = 1>
ST_2 : Operation 57 [1/1] (0.97ns) (out node of the LUT)   --->   "%and_ln34_2 = and i1 %and_ln33_2, %xor_ln34" [lenet_cnn_hls/lenet_cnn.cpp:34]   --->   Operation 57 'and' 'and_ln34_2' <Predicate = (!icmp_ln32)> <Delay = 0.97> <Core = "LogicGate">   --->   Core 27 'LogicGate' <Latency = 0> <II = 1> <Delay = 0.97> <FuncUnit> <Opcode : 'and' 'or' 'xor'> <InPorts = 2> <OutPorts = 1>
ST_2 : Operation 58 [1/1] (1.56ns)   --->   "%i = add i2 1, %select_ln34" [lenet_cnn_hls/lenet_cnn.cpp:35]   --->   Operation 58 'add' 'i' <Predicate = (!icmp_ln32)> <Delay = 1.56> <Core = "AddSub">   --->   Core 14 'AddSub' <Latency = 0> <II = 1> <Delay = 1.73> <FuncUnit> <Opcode : 'add' 'sub'> <InPorts = 2> <OutPorts = 1>
ST_2 : Operation 59 [1/1] (0.00ns) (grouped into LUT with out node select_ln35)   --->   "%or_ln35 = or i1 %and_ln34_2, %and_ln33_3" [lenet_cnn_hls/lenet_cnn.cpp:35]   --->   Operation 59 'or' 'or_ln35' <Predicate = (!icmp_ln32)> <Delay = 0.00> <Core = "LogicGate">   --->   Core 27 'LogicGate' <Latency = 0> <II = 1> <Delay = 0.97> <FuncUnit> <Opcode : 'and' 'or' 'xor'> <InPorts = 2> <OutPorts = 1>
ST_2 : Operation 60 [1/1] (0.00ns) (grouped into LUT with out node select_ln35)   --->   "%or_ln35_1 = or i1 %or_ln35, %or_ln33" [lenet_cnn_hls/lenet_cnn.cpp:35]   --->   Operation 60 'or' 'or_ln35_1' <Predicate = (!icmp_ln32)> <Delay = 0.00> <Core = "LogicGate">   --->   Core 27 'LogicGate' <Latency = 0> <II = 1> <Delay = 0.97> <FuncUnit> <Opcode : 'and' 'or' 'xor'> <InPorts = 2> <OutPorts = 1>
ST_2 : Operation 61 [1/1] (0.99ns) (out node of the LUT)   --->   "%select_ln35 = select i1 %or_ln35_1, i2 0, i2 %j_0" [lenet_cnn_hls/lenet_cnn.cpp:35]   --->   Operation 61 'select' 'select_ln35' <Predicate = (!icmp_ln32)> <Delay = 0.99> <Core = "Sel">   --->   Core 26 'Sel' <Latency = 0> <II = 1> <Delay = 0.68> <FuncUnit> <Opcode : 'select'> <InPorts = 3> <OutPorts = 1>
ST_2 : Operation 62 [1/1] (0.00ns) (grouped into LUT with out node select_ln35_1)   --->   "%trunc_ln35_1 = trunc i2 %i to i1" [lenet_cnn_hls/lenet_cnn.cpp:35]   --->   Operation 62 'trunc' 'trunc_ln35_1' <Predicate = (!icmp_ln32)> <Delay = 0.00>
ST_2 : Operation 63 [1/1] (0.99ns) (out node of the LUT)   --->   "%select_ln35_1 = select i1 %and_ln34_2, i1 %trunc_ln35_1, i1 %and_ln34" [lenet_cnn_hls/lenet_cnn.cpp:35]   --->   Operation 63 'select' 'select_ln35_1' <Predicate = (!icmp_ln32)> <Delay = 0.99> <Core = "Sel">   --->   Core 26 'Sel' <Latency = 0> <II = 1> <Delay = 0.68> <FuncUnit> <Opcode : 'select'> <InPorts = 3> <OutPorts = 1>
ST_2 : Operation 64 [1/1] (0.95ns)   --->   "%icmp_ln44_2 = icmp eq i2 %select_ln34, 0" [lenet_cnn_hls/lenet_cnn.cpp:44]   --->   Operation 64 'icmp' 'icmp_ln44_2' <Predicate = (!icmp_ln32)> <Delay = 0.95> <Core = "Cmp">   --->   Core 25 'Cmp' <Latency = 0> <II = 1> <Delay = 2.44> <FuncUnit> <Opcode : 'icmp'> <InPorts = 2> <OutPorts = 1>
ST_2 : Operation 65 [1/1] (0.99ns) (out node of the LUT)   --->   "%select_ln35_3 = select i1 %and_ln34_2, i1 %icmp_ln44_2, i1 %and_ln34_1" [lenet_cnn_hls/lenet_cnn.cpp:35]   --->   Operation 65 'select' 'select_ln35_3' <Predicate = (!icmp_ln32)> <Delay = 0.99> <Core = "Sel">   --->   Core 26 'Sel' <Latency = 0> <II = 1> <Delay = 0.68> <FuncUnit> <Opcode : 'select'> <InPorts = 3> <OutPorts = 1>
ST_2 : Operation 66 [1/1] (0.95ns)   --->   "%icmp_ln44_1 = icmp eq i2 %select_ln35, 1" [lenet_cnn_hls/lenet_cnn.cpp:44]   --->   Operation 66 'icmp' 'icmp_ln44_1' <Predicate = (!icmp_ln32)> <Delay = 0.95> <Core = "Cmp">   --->   Core 25 'Cmp' <Latency = 0> <II = 1> <Delay = 2.44> <FuncUnit> <Opcode : 'icmp'> <InPorts = 2> <OutPorts = 1>
ST_2 : Operation 67 [1/1] (0.97ns) (out node of the LUT)   --->   "%and_ln44 = and i1 %select_ln35_3, %icmp_ln44_1" [lenet_cnn_hls/lenet_cnn.cpp:44]   --->   Operation 67 'and' 'and_ln44' <Predicate = (!icmp_ln32)> <Delay = 0.97> <Core = "LogicGate">   --->   Core 27 'LogicGate' <Latency = 0> <II = 1> <Delay = 0.97> <FuncUnit> <Opcode : 'and' 'or' 'xor'> <InPorts = 2> <OutPorts = 1>
ST_2 : Operation 68 [1/1] (0.00ns)   --->   "br i1 %and_ln44, label %1, label %hls_label_1_end" [lenet_cnn_hls/lenet_cnn.cpp:44]   --->   Operation 68 'br' <Predicate = (!icmp_ln32)> <Delay = 0.00>

State 3 <SV = 2> <Delay = 8.66>
ST_3 : Operation 69 [1/1] (0.98ns)   --->   "%select_ln41_1 = select i1 %icmp_ln33, i3 %c, i3 %c_0" [lenet_cnn_hls/lenet_cnn.cpp:41]   --->   Operation 69 'select' 'select_ln41_1' <Predicate = (!icmp_ln32)> <Delay = 0.98> <Core = "Sel">   --->   Core 26 'Sel' <Latency = 0> <II = 1> <Delay = 0.68> <FuncUnit> <Opcode : 'select'> <InPorts = 3> <OutPorts = 1>
ST_3 : Operation 70 [1/1] (0.00ns)   --->   "%tmp_s = call i8 @_ssdm_op_BitConcatenate.i8.i3.i5(i3 %select_ln41_1, i5 0)" [lenet_cnn_hls/lenet_cnn.cpp:41]   --->   Operation 70 'bitconcatenate' 'tmp_s' <Predicate = (!icmp_ln32)> <Delay = 0.00>
ST_3 : Operation 71 [1/1] (0.00ns)   --->   "%zext_ln41 = zext i8 %tmp_s to i9" [lenet_cnn_hls/lenet_cnn.cpp:41]   --->   Operation 71 'zext' 'zext_ln41' <Predicate = (!icmp_ln32)> <Delay = 0.00>
ST_3 : Operation 72 [1/1] (0.00ns)   --->   "%tmp_1 = call i5 @_ssdm_op_BitConcatenate.i5.i3.i2(i3 %select_ln41_1, i2 0)" [lenet_cnn_hls/lenet_cnn.cpp:41]   --->   Operation 72 'bitconcatenate' 'tmp_1' <Predicate = (!icmp_ln32)> <Delay = 0.00>
ST_3 : Operation 73 [1/1] (0.00ns)   --->   "%zext_ln41_1 = zext i5 %tmp_1 to i9" [lenet_cnn_hls/lenet_cnn.cpp:41]   --->   Operation 73 'zext' 'zext_ln41_1' <Predicate = (!icmp_ln32)> <Delay = 0.00>
ST_3 : Operation 74 [1/1] (1.91ns)   --->   "%sub_ln41 = sub i9 %zext_ln41, %zext_ln41_1" [lenet_cnn_hls/lenet_cnn.cpp:41]   --->   Operation 74 'sub' 'sub_ln41' <Predicate = (!icmp_ln32)> <Delay = 1.91> <Core = "AddSub">   --->   Core 14 'AddSub' <Latency = 0> <II = 1> <Delay = 1.73> <FuncUnit> <Opcode : 'add' 'sub'> <InPorts = 2> <OutPorts = 1>
ST_3 : Operation 75 [1/1] (0.00ns) (grouped into LUT with out node add_ln41)   --->   "%sext_ln41 = sext i9 %sub_ln41 to i10" [lenet_cnn_hls/lenet_cnn.cpp:41]   --->   Operation 75 'sext' 'sext_ln41' <Predicate = (!icmp_ln32)> <Delay = 0.00>
ST_3 : Operation 76 [1/1] (0.00ns) (grouped into LUT with out node select_ln33_1)   --->   "%select_ln41_2 = select i1 %icmp_ln33, i5 0, i5 %shl_ln" [lenet_cnn_hls/lenet_cnn.cpp:41]   --->   Operation 76 'select' 'select_ln41_2' <Predicate = (!icmp_ln32 & !and_ln41_6)> <Delay = 0.00> <Core = "Sel">   --->   Core 26 'Sel' <Latency = 0> <II = 1> <Delay = 0.68> <FuncUnit> <Opcode : 'select'> <InPorts = 3> <OutPorts = 1>
ST_3 : Operation 77 [1/1] (0.00ns) (grouped into LUT with out node select_ln34_3)   --->   "%select_ln41_3 = select i1 %icmp_ln33, i5 0, i5 %add_ln40" [lenet_cnn_hls/lenet_cnn.cpp:41]   --->   Operation 77 'select' 'select_ln41_3' <Predicate = (!icmp_ln32 & !and_ln41_6 & !and_ln33_3 & !and_ln34_2)> <Delay = 0.00> <Core = "Sel">   --->   Core 26 'Sel' <Latency = 0> <II = 1> <Delay = 0.68> <FuncUnit> <Opcode : 'select'> <InPorts = 3> <OutPorts = 1>
ST_3 : Operation 78 [1/1] (1.02ns)   --->   "%select_ln33 = select i1 %or_ln33, i4 0, i4 %w_0" [lenet_cnn_hls/lenet_cnn.cpp:33]   --->   Operation 78 'select' 'select_ln33' <Predicate = (!icmp_ln32)> <Delay = 1.02> <Core = "Sel">   --->   Core 26 'Sel' <Latency = 0> <II = 1> <Delay = 0.68> <FuncUnit> <Opcode : 'select'> <InPorts = 3> <OutPorts = 1>
ST_3 : Operation 79 [1/1] (0.00ns)   --->   "%shl_ln40_mid1 = call i5 @_ssdm_op_BitConcatenate.i5.i4.i1(i4 %h, i1 false)" [lenet_cnn_hls/lenet_cnn.cpp:40]   --->   Operation 79 'bitconcatenate' 'shl_ln40_mid1' <Predicate = (!icmp_ln32)> <Delay = 0.00>
ST_3 : Operation 80 [1/1] (1.21ns) (out node of the LUT)   --->   "%select_ln33_1 = select i1 %and_ln41_6, i5 %shl_ln40_mid1, i5 %select_ln41_2" [lenet_cnn_hls/lenet_cnn.cpp:33]   --->   Operation 80 'select' 'select_ln33_1' <Predicate = (!icmp_ln32)> <Delay = 1.21> <Core = "Sel">   --->   Core 26 'Sel' <Latency = 0> <II = 1> <Delay = 0.68> <FuncUnit> <Opcode : 'select'> <InPorts = 3> <OutPorts = 1>
ST_3 : Operation 81 [1/1] (1.02ns)   --->   "%select_ln33_2 = select i1 %and_ln41_6, i4 %h, i4 %select_ln41" [lenet_cnn_hls/lenet_cnn.cpp:33]   --->   Operation 81 'select' 'select_ln33_2' <Predicate = (!icmp_ln32)> <Delay = 1.02> <Core = "Sel">   --->   Core 26 'Sel' <Latency = 0> <II = 1> <Delay = 0.68> <FuncUnit> <Opcode : 'select'> <InPorts = 3> <OutPorts = 1>
ST_3 : Operation 82 [1/1] (0.00ns) (grouped into LUT with out node add_ln40_1)   --->   "%shl_ln40_s = call i5 @_ssdm_op_BitConcatenate.i5.i4.i1(i4 %w_0, i1 false)" [lenet_cnn_hls/lenet_cnn.cpp:40]   --->   Operation 82 'bitconcatenate' 'shl_ln40_s' <Predicate = (!icmp_ln32 & !or_ln33 & !and_ln33_3)> <Delay = 0.00>
ST_3 : Operation 83 [1/1] (0.00ns) (grouped into LUT with out node add_ln40_1)   --->   "%select_ln33_3 = select i1 %or_ln33, i5 0, i5 %shl_ln40_s" [lenet_cnn_hls/lenet_cnn.cpp:33]   --->   Operation 83 'select' 'select_ln33_3' <Predicate = (!icmp_ln32 & !and_ln33_3)> <Delay = 0.00> <Core = "Sel">   --->   Core 26 'Sel' <Latency = 0> <II = 1> <Delay = 0.68> <FuncUnit> <Opcode : 'select'> <InPorts = 3> <OutPorts = 1>
ST_3 : Operation 84 [1/1] (0.00ns) (grouped into LUT with out node select_ln34_3)   --->   "%select_ln33_4 = select i1 %and_ln41_6, i5 %shl_ln40_mid1, i5 %select_ln41_3" [lenet_cnn_hls/lenet_cnn.cpp:33]   --->   Operation 84 'select' 'select_ln33_4' <Predicate = (!icmp_ln32 & !and_ln33_3 & !and_ln34_2)> <Delay = 0.00> <Core = "Sel">   --->   Core 26 'Sel' <Latency = 0> <II = 1> <Delay = 0.68> <FuncUnit> <Opcode : 'select'> <InPorts = 3> <OutPorts = 1>
ST_3 : Operation 85 [1/1] (1.73ns)   --->   "%w = add i4 1, %select_ln33" [lenet_cnn_hls/lenet_cnn.cpp:34]   --->   Operation 85 'add' 'w' <Predicate = (!icmp_ln32)> <Delay = 1.73> <Core = "AddSub">   --->   Core 14 'AddSub' <Latency = 0> <II = 1> <Delay = 1.73> <FuncUnit> <Opcode : 'add' 'sub'> <InPorts = 2> <OutPorts = 1>
ST_3 : Operation 86 [1/1] (0.00ns) (grouped into LUT with out node add_ln40_1)   --->   "%shl_ln40_1_mid1 = call i5 @_ssdm_op_BitConcatenate.i5.i4.i1(i4 %w, i1 false)" [lenet_cnn_hls/lenet_cnn.cpp:40]   --->   Operation 86 'bitconcatenate' 'shl_ln40_1_mid1' <Predicate = (!icmp_ln32 & and_ln33_3)> <Delay = 0.00>
ST_3 : Operation 87 [1/1] (0.00ns) (grouped into LUT with out node add_ln40_1)   --->   "%select_ln34_1 = select i1 %and_ln33_3, i5 %shl_ln40_1_mid1, i5 %select_ln33_3" [lenet_cnn_hls/lenet_cnn.cpp:34]   --->   Operation 87 'select' 'select_ln34_1' <Predicate = (!icmp_ln32)> <Delay = 0.00> <Core = "Sel">   --->   Core 26 'Sel' <Latency = 0> <II = 1> <Delay = 0.68> <FuncUnit> <Opcode : 'select'> <InPorts = 3> <OutPorts = 1>
ST_3 : Operation 88 [1/1] (1.21ns) (out node of the LUT)   --->   "%select_ln34_3 = select i1 %and_ln33_3, i5 %select_ln33_1, i5 %select_ln33_4" [lenet_cnn_hls/lenet_cnn.cpp:34]   --->   Operation 88 'select' 'select_ln34_3' <Predicate = (!icmp_ln32 & !and_ln34_2)> <Delay = 1.21> <Core = "Sel">   --->   Core 26 'Sel' <Latency = 0> <II = 1> <Delay = 0.68> <FuncUnit> <Opcode : 'select'> <InPorts = 3> <OutPorts = 1>
ST_3 : Operation 89 [1/1] (0.00ns)   --->   "%zext_ln35_1 = zext i2 %i to i5" [lenet_cnn_hls/lenet_cnn.cpp:35]   --->   Operation 89 'zext' 'zext_ln35_1' <Predicate = (!icmp_ln32 & and_ln34_2)> <Delay = 0.00>
ST_3 : Operation 90 [1/1] (1.78ns)   --->   "%add_ln40_2 = add i5 %zext_ln35_1, %select_ln33_1" [lenet_cnn_hls/lenet_cnn.cpp:40]   --->   Operation 90 'add' 'add_ln40_2' <Predicate = (!icmp_ln32 & and_ln34_2)> <Delay = 1.78> <Core = "AddSub">   --->   Core 14 'AddSub' <Latency = 0> <II = 1> <Delay = 1.73> <FuncUnit> <Opcode : 'add' 'sub'> <InPorts = 2> <OutPorts = 1>
ST_3 : Operation 91 [1/1] (0.00ns) (grouped into LUT with out node add_ln41)   --->   "%select_ln35_2 = select i1 %and_ln34_2, i5 %add_ln40_2, i5 %select_ln34_3" [lenet_cnn_hls/lenet_cnn.cpp:35]   --->   Operation 91 'select' 'select_ln35_2' <Predicate = (!icmp_ln32)> <Delay = 0.00> <Core = "Sel">   --->   Core 26 'Sel' <Latency = 0> <II = 1> <Delay = 0.68> <FuncUnit> <Opcode : 'select'> <InPorts = 3> <OutPorts = 1>
ST_3 : Operation 92 [1/1] (0.00ns) (grouped into LUT with out node add_ln41)   --->   "%zext_ln35_2 = zext i5 %select_ln35_2 to i10" [lenet_cnn_hls/lenet_cnn.cpp:35]   --->   Operation 92 'zext' 'zext_ln35_2' <Predicate = (!icmp_ln32)> <Delay = 0.00>
ST_3 : Operation 93 [1/1] (1.82ns) (out node of the LUT)   --->   "%add_ln41 = add i10 %sext_ln41, %zext_ln35_2" [lenet_cnn_hls/lenet_cnn.cpp:41]   --->   Operation 93 'add' 'add_ln41' <Predicate = (!icmp_ln32)> <Delay = 1.82> <Core = "AddSub">   --->   Core 14 'AddSub' <Latency = 0> <II = 1> <Delay = 1.73> <FuncUnit> <Opcode : 'add' 'sub'> <InPorts = 2> <OutPorts = 1>
ST_3 : Operation 94 [1/1] (0.00ns)   --->   "%trunc_ln41 = trunc i10 %add_ln41 to i9" [lenet_cnn_hls/lenet_cnn.cpp:41]   --->   Operation 94 'trunc' 'trunc_ln41' <Predicate = (!icmp_ln32)> <Delay = 0.00>
ST_3 : Operation 95 [1/1] (0.00ns)   --->   "%p_shl_cast = call i14 @_ssdm_op_BitConcatenate.i14.i9.i5(i9 %trunc_ln41, i5 0)" [lenet_cnn_hls/lenet_cnn.cpp:41]   --->   Operation 95 'bitconcatenate' 'p_shl_cast' <Predicate = (!icmp_ln32)> <Delay = 0.00>
ST_3 : Operation 96 [1/1] (0.00ns)   --->   "%tmp_11 = call i12 @_ssdm_op_BitConcatenate.i12.i10.i2(i10 %add_ln41, i2 0)" [lenet_cnn_hls/lenet_cnn.cpp:41]   --->   Operation 96 'bitconcatenate' 'tmp_11' <Predicate = (!icmp_ln32)> <Delay = 0.00>
ST_3 : Operation 97 [1/1] (0.00ns)   --->   "%sext_ln41_1 = sext i12 %tmp_11 to i14" [lenet_cnn_hls/lenet_cnn.cpp:41]   --->   Operation 97 'sext' 'sext_ln41_1' <Predicate = (!icmp_ln32)> <Delay = 0.00>
ST_3 : Operation 98 [1/1] (0.00ns) (grouped into TernaryAdder)   --->   "%sub_ln41_1 = sub i14 %p_shl_cast, %sext_ln41_1" [lenet_cnn_hls/lenet_cnn.cpp:41]   --->   Operation 98 'sub' 'sub_ln41_1' <Predicate = (!icmp_ln32)> <Delay = 0.00> <Core = "TAddSub">   --->   Core 83 'TAddSub' <Latency = 0> <II = 1> <Delay = 1.92> <IPBlock> <Opcode : 'add' 'sub'> <InPorts = 3> <OutPorts = 1> <Sync> <CReg>
ST_3 : Operation 99 [1/1] (0.99ns)   --->   "%select_ln35_4 = select i1 %and_ln34_2, i2 %i, i2 %select_ln34" [lenet_cnn_hls/lenet_cnn.cpp:35]   --->   Operation 99 'select' 'select_ln35_4' <Predicate = (!icmp_ln32)> <Delay = 0.99> <Core = "Sel">   --->   Core 26 'Sel' <Latency = 0> <II = 1> <Delay = 0.68> <FuncUnit> <Opcode : 'select'> <InPorts = 3> <OutPorts = 1>
ST_3 : Operation 100 [1/1] (0.00ns) (grouped into LUT with out node add_ln40_1)   --->   "%zext_ln36 = zext i2 %select_ln35 to i5" [lenet_cnn_hls/lenet_cnn.cpp:36]   --->   Operation 100 'zext' 'zext_ln36' <Predicate = (!icmp_ln32)> <Delay = 0.00>
ST_3 : Operation 101 [1/1] (1.78ns) (out node of the LUT)   --->   "%add_ln40_1 = add i5 %zext_ln36, %select_ln34_1" [lenet_cnn_hls/lenet_cnn.cpp:40]   --->   Operation 101 'add' 'add_ln40_1' <Predicate = (!icmp_ln32)> <Delay = 1.78> <Core = "AddSub">   --->   Core 14 'AddSub' <Latency = 0> <II = 1> <Delay = 1.73> <FuncUnit> <Opcode : 'add' 'sub'> <InPorts = 2> <OutPorts = 1>
ST_3 : Operation 102 [1/1] (0.00ns)   --->   "%zext_ln41_2 = zext i5 %add_ln40_1 to i14" [lenet_cnn_hls/lenet_cnn.cpp:41]   --->   Operation 102 'zext' 'zext_ln41_2' <Predicate = (!icmp_ln32)> <Delay = 0.00>
ST_3 : Operation 103 [1/1] (3.84ns) (root node of TernaryAdder)   --->   "%add_ln41_1 = add i14 %sub_ln41_1, %zext_ln41_2" [lenet_cnn_hls/lenet_cnn.cpp:41]   --->   Operation 103 'add' 'add_ln41_1' <Predicate = (!icmp_ln32)> <Delay = 3.84> <Core = "TAddSub">   --->   Core 83 'TAddSub' <Latency = 0> <II = 1> <Delay = 1.92> <IPBlock> <Opcode : 'add' 'sub'> <InPorts = 3> <OutPorts = 1> <Sync> <CReg>
ST_3 : Operation 104 [1/1] (1.56ns)   --->   "%j = add i2 %select_ln35, 1" [lenet_cnn_hls/lenet_cnn.cpp:36]   --->   Operation 104 'add' 'j' <Predicate = (!icmp_ln32)> <Delay = 1.56> <Core = "AddSub">   --->   Core 14 'AddSub' <Latency = 0> <II = 1> <Delay = 1.73> <FuncUnit> <Opcode : 'add' 'sub'> <InPorts = 2> <OutPorts = 1>
ST_3 : Operation 105 [1/1] (1.73ns)   --->   "%add_ln35_1 = add i4 %indvar_flatten, 1" [lenet_cnn_hls/lenet_cnn.cpp:35]   --->   Operation 105 'add' 'add_ln35_1' <Predicate = (!icmp_ln32 & !or_ln34_1)> <Delay = 1.73> <Core = "AddSub">   --->   Core 14 'AddSub' <Latency = 0> <II = 1> <Delay = 1.73> <FuncUnit> <Opcode : 'add' 'sub'> <InPorts = 2> <OutPorts = 1>
ST_3 : Operation 106 [1/1] (1.02ns)   --->   "%select_ln35_5 = select i1 %or_ln34_1, i4 1, i4 %add_ln35_1" [lenet_cnn_hls/lenet_cnn.cpp:35]   --->   Operation 106 'select' 'select_ln35_5' <Predicate = (!icmp_ln32)> <Delay = 1.02> <Core = "Sel">   --->   Core 26 'Sel' <Latency = 0> <II = 1> <Delay = 0.68> <FuncUnit> <Opcode : 'select'> <InPorts = 3> <OutPorts = 1>
ST_3 : Operation 107 [1/1] (1.87ns)   --->   "%add_ln34_1 = add i7 %indvar_flatten24, 1" [lenet_cnn_hls/lenet_cnn.cpp:34]   --->   Operation 107 'add' 'add_ln34_1' <Predicate = (!icmp_ln32 & !or_ln33)> <Delay = 1.87> <Core = "AddSub">   --->   Core 14 'AddSub' <Latency = 0> <II = 1> <Delay = 1.73> <FuncUnit> <Opcode : 'add' 'sub'> <InPorts = 2> <OutPorts = 1>
ST_3 : Operation 108 [1/1] (0.99ns)   --->   "%select_ln34_4 = select i1 %or_ln33, i7 1, i7 %add_ln34_1" [lenet_cnn_hls/lenet_cnn.cpp:34]   --->   Operation 108 'select' 'select_ln34_4' <Predicate = (!icmp_ln32)> <Delay = 0.99> <Core = "Sel">   --->   Core 26 'Sel' <Latency = 0> <II = 1> <Delay = 0.68> <FuncUnit> <Opcode : 'select'> <InPorts = 3> <OutPorts = 1>
ST_3 : Operation 109 [1/1] (1.73ns)   --->   "%add_ln33_1 = add i10 %indvar_flatten63, 1" [lenet_cnn_hls/lenet_cnn.cpp:33]   --->   Operation 109 'add' 'add_ln33_1' <Predicate = (!icmp_ln32 & !icmp_ln33)> <Delay = 1.73> <Core = "AddSub">   --->   Core 14 'AddSub' <Latency = 0> <II = 1> <Delay = 1.73> <FuncUnit> <Opcode : 'add' 'sub'> <InPorts = 2> <OutPorts = 1>
ST_3 : Operation 110 [1/1] (0.68ns)   --->   "%select_ln33_5 = select i1 %icmp_ln33, i10 1, i10 %add_ln33_1" [lenet_cnn_hls/lenet_cnn.cpp:33]   --->   Operation 110 'select' 'select_ln33_5' <Predicate = (!icmp_ln32)> <Delay = 0.68> <Core = "Sel">   --->   Core 26 'Sel' <Latency = 0> <II = 1> <Delay = 0.68> <FuncUnit> <Opcode : 'select'> <InPorts = 3> <OutPorts = 1>

State 4 <SV = 3> <Delay = 7.57>
ST_4 : Operation 111 [1/1] (0.00ns)   --->   "%tmp_3 = call i7 @_ssdm_op_BitConcatenate.i7.i3.i4(i3 %select_ln41_1, i4 0)" [lenet_cnn_hls/lenet_cnn.cpp:45]   --->   Operation 111 'bitconcatenate' 'tmp_3' <Predicate = (!icmp_ln32)> <Delay = 0.00>
ST_4 : Operation 112 [1/1] (0.00ns)   --->   "%zext_ln45 = zext i7 %tmp_3 to i8" [lenet_cnn_hls/lenet_cnn.cpp:45]   --->   Operation 112 'zext' 'zext_ln45' <Predicate = (!icmp_ln32)> <Delay = 0.00>
ST_4 : Operation 113 [1/1] (0.00ns)   --->   "%tmp_4 = call i4 @_ssdm_op_BitConcatenate.i4.i3.i1(i3 %select_ln41_1, i1 false)" [lenet_cnn_hls/lenet_cnn.cpp:45]   --->   Operation 113 'bitconcatenate' 'tmp_4' <Predicate = (!icmp_ln32)> <Delay = 0.00>
ST_4 : Operation 114 [1/1] (0.00ns)   --->   "%zext_ln45_1 = zext i4 %tmp_4 to i8" [lenet_cnn_hls/lenet_cnn.cpp:45]   --->   Operation 114 'zext' 'zext_ln45_1' <Predicate = (!icmp_ln32)> <Delay = 0.00>
ST_4 : Operation 115 [1/1] (1.87ns)   --->   "%sub_ln45 = sub i8 %zext_ln45, %zext_ln45_1" [lenet_cnn_hls/lenet_cnn.cpp:45]   --->   Operation 115 'sub' 'sub_ln45' <Predicate = (!icmp_ln32)> <Delay = 1.87> <Core = "AddSub">   --->   Core 14 'AddSub' <Latency = 0> <II = 1> <Delay = 1.73> <FuncUnit> <Opcode : 'add' 'sub'> <InPorts = 2> <OutPorts = 1>
ST_4 : Operation 116 [1/1] (0.00ns)   --->   "%sext_ln45 = sext i8 %sub_ln45 to i9" [lenet_cnn_hls/lenet_cnn.cpp:45]   --->   Operation 116 'sext' 'sext_ln45' <Predicate = (!icmp_ln32)> <Delay = 0.00>
ST_4 : Operation 117 [1/1] (0.00ns)   --->   "%zext_ln33 = zext i4 %select_ln33_2 to i9" [lenet_cnn_hls/lenet_cnn.cpp:33]   --->   Operation 117 'zext' 'zext_ln33' <Predicate = (!icmp_ln32)> <Delay = 0.00>
ST_4 : Operation 118 [1/1] (1.91ns)   --->   "%add_ln45 = add i9 %sext_ln45, %zext_ln33" [lenet_cnn_hls/lenet_cnn.cpp:45]   --->   Operation 118 'add' 'add_ln45' <Predicate = (!icmp_ln32)> <Delay = 1.91> <Core = "AddSub">   --->   Core 14 'AddSub' <Latency = 0> <II = 1> <Delay = 1.73> <FuncUnit> <Opcode : 'add' 'sub'> <InPorts = 2> <OutPorts = 1>
ST_4 : Operation 119 [1/1] (0.00ns)   --->   "%trunc_ln45 = trunc i9 %add_ln45 to i8" [lenet_cnn_hls/lenet_cnn.cpp:45]   --->   Operation 119 'trunc' 'trunc_ln45' <Predicate = (!icmp_ln32)> <Delay = 0.00>
ST_4 : Operation 120 [1/1] (0.00ns)   --->   "%p_shl3_cast = call i12 @_ssdm_op_BitConcatenate.i12.i8.i4(i8 %trunc_ln45, i4 0)" [lenet_cnn_hls/lenet_cnn.cpp:45]   --->   Operation 120 'bitconcatenate' 'p_shl3_cast' <Predicate = (!icmp_ln32)> <Delay = 0.00>
ST_4 : Operation 121 [1/1] (0.00ns)   --->   "%tmp_10 = call i10 @_ssdm_op_BitConcatenate.i10.i9.i1(i9 %add_ln45, i1 false)" [lenet_cnn_hls/lenet_cnn.cpp:45]   --->   Operation 121 'bitconcatenate' 'tmp_10' <Predicate = (!icmp_ln32)> <Delay = 0.00>
ST_4 : Operation 122 [1/1] (0.00ns)   --->   "%sext_ln45_1 = sext i10 %tmp_10 to i12" [lenet_cnn_hls/lenet_cnn.cpp:45]   --->   Operation 122 'sext' 'sext_ln45_1' <Predicate = (!icmp_ln32)> <Delay = 0.00>
ST_4 : Operation 123 [1/1] (0.00ns) (grouped into TernaryAdder)   --->   "%sub_ln45_1 = sub i12 %p_shl3_cast, %sext_ln45_1" [lenet_cnn_hls/lenet_cnn.cpp:45]   --->   Operation 123 'sub' 'sub_ln45_1' <Predicate = (!icmp_ln32)> <Delay = 0.00> <Core = "TAddSub">   --->   Core 83 'TAddSub' <Latency = 0> <II = 1> <Delay = 1.92> <IPBlock> <Opcode : 'add' 'sub'> <InPorts = 3> <OutPorts = 1> <Sync> <CReg>
ST_4 : Operation 124 [1/1] (1.02ns)   --->   "%select_ln34_2 = select i1 %and_ln33_3, i4 %w, i4 %select_ln33" [lenet_cnn_hls/lenet_cnn.cpp:34]   --->   Operation 124 'select' 'select_ln34_2' <Predicate = (!icmp_ln32)> <Delay = 1.02> <Core = "Sel">   --->   Core 26 'Sel' <Latency = 0> <II = 1> <Delay = 0.68> <FuncUnit> <Opcode : 'select'> <InPorts = 3> <OutPorts = 1>
ST_4 : Operation 125 [1/1] (0.00ns)   --->   "%zext_ln34 = zext i4 %select_ln34_2 to i12" [lenet_cnn_hls/lenet_cnn.cpp:34]   --->   Operation 125 'zext' 'zext_ln34' <Predicate = (!icmp_ln32)> <Delay = 0.00>
ST_4 : Operation 126 [1/1] (3.78ns) (root node of TernaryAdder)   --->   "%add_ln45_1 = add i12 %sub_ln45_1, %zext_ln34" [lenet_cnn_hls/lenet_cnn.cpp:45]   --->   Operation 126 'add' 'add_ln45_1' <Predicate = (!icmp_ln32)> <Delay = 3.78> <Core = "TAddSub">   --->   Core 83 'TAddSub' <Latency = 0> <II = 1> <Delay = 1.92> <IPBlock> <Opcode : 'add' 'sub'> <InPorts = 3> <OutPorts = 1> <Sync> <CReg>
ST_4 : Operation 127 [1/1] (0.00ns)   --->   "%zext_ln45_2 = zext i12 %add_ln45_1 to i64" [lenet_cnn_hls/lenet_cnn.cpp:45]   --->   Operation 127 'zext' 'zext_ln45_2' <Predicate = (!icmp_ln32)> <Delay = 0.00>
ST_4 : Operation 128 [1/1] (0.00ns)   --->   "%output_addr = getelementptr [1176 x float]* %output_r, i64 0, i64 %zext_ln45_2" [lenet_cnn_hls/lenet_cnn.cpp:45]   --->   Operation 128 'getelementptr' 'output_addr' <Predicate = (!icmp_ln32)> <Delay = 0.00>
ST_4 : Operation 129 [1/1] (0.00ns)   --->   "%zext_ln41_3 = zext i14 %add_ln41_1 to i64" [lenet_cnn_hls/lenet_cnn.cpp:41]   --->   Operation 129 'zext' 'zext_ln41_3' <Predicate = (!icmp_ln32)> <Delay = 0.00>
ST_4 : Operation 130 [1/1] (0.00ns)   --->   "%input_addr = getelementptr [4704 x float]* %input_r, i64 0, i64 %zext_ln41_3" [lenet_cnn_hls/lenet_cnn.cpp:41]   --->   Operation 130 'getelementptr' 'input_addr' <Predicate = (!icmp_ln32)> <Delay = 0.00>
ST_4 : Operation 131 [2/2] (3.25ns)   --->   "%input_load = load float* %input_addr, align 4" [lenet_cnn_hls/lenet_cnn.cpp:41]   --->   Operation 131 'load' 'input_load' <Predicate = (!icmp_ln32)> <Delay = 3.25> <Core = "RAM">   --->   Core 37 'RAM' <Latency = 1> <II = 1> <Delay = 3.25> <Storage> <Opcode : 'load' 'store'> <Ports = 2> <Width = 32> <Depth = 1176> <RAM>

State 5 <SV = 4> <Delay = 8.68>
ST_5 : Operation 132 [1/1] (0.00ns)   --->   "%max_value_4_load = load float* %max_value_4" [lenet_cnn_hls/lenet_cnn.cpp:38]   --->   Operation 132 'load' 'max_value_4_load' <Predicate = (!icmp_ln32)> <Delay = 0.00>
ST_5 : Operation 133 [1/1] (0.00ns) (grouped into LUT with out node max_value)   --->   "%trunc_ln36 = trunc i2 %select_ln35 to i1" [lenet_cnn_hls/lenet_cnn.cpp:36]   --->   Operation 133 'trunc' 'trunc_ln36' <Predicate = (!icmp_ln32)> <Delay = 0.00>
ST_5 : Operation 134 [1/1] (0.00ns) (grouped into LUT with out node max_value)   --->   "%or_ln38 = or i1 %trunc_ln36, %select_ln35_1" [lenet_cnn_hls/lenet_cnn.cpp:38]   --->   Operation 134 'or' 'or_ln38' <Predicate = (!icmp_ln32)> <Delay = 0.00> <Core = "LogicGate">   --->   Core 27 'LogicGate' <Latency = 0> <II = 1> <Delay = 0.97> <FuncUnit> <Opcode : 'and' 'or' 'xor'> <InPorts = 2> <OutPorts = 1>
ST_5 : Operation 135 [1/1] (0.97ns) (out node of the LUT)   --->   "%max_value = select i1 %or_ln38, float %max_value_4_load, float 0xC26D1A94A0000000" [lenet_cnn_hls/lenet_cnn.cpp:38]   --->   Operation 135 'select' 'max_value' <Predicate = (!icmp_ln32)> <Delay = 0.97> <Core = "Sel">   --->   Core 26 'Sel' <Latency = 0> <II = 1> <Delay = 0.68> <FuncUnit> <Opcode : 'select'> <InPorts = 3> <OutPorts = 1>
ST_5 : Operation 136 [1/2] (3.25ns)   --->   "%input_load = load float* %input_addr, align 4" [lenet_cnn_hls/lenet_cnn.cpp:41]   --->   Operation 136 'load' 'input_load' <Predicate = (!icmp_ln32)> <Delay = 3.25> <Core = "RAM">   --->   Core 37 'RAM' <Latency = 1> <II = 1> <Delay = 3.25> <Storage> <Opcode : 'load' 'store'> <Ports = 2> <Width = 32> <Depth = 1176> <RAM>
ST_5 : Operation 137 [2/2] (5.43ns)   --->   "%tmp_7 = fcmp ogt float %max_value, %input_load" [lenet_cnn_hls/lenet_cnn.cpp:41]   --->   Operation 137 'fcmp' 'tmp_7' <Predicate = (!icmp_ln32)> <Delay = 5.43> <Core = "FCmp">   --->   Core 111 'FCmp' <Latency = 1> <II = 1> <Delay = 5.43> <FuncUnit> <Opcode : 'fcmp'> <InPorts = 2> <OutPorts = 1>

State 6 <SV = 5> <Delay = 7.10>
ST_6 : Operation 138 [1/1] (0.00ns)   --->   "%bitcast_ln41 = bitcast float %max_value to i32" [lenet_cnn_hls/lenet_cnn.cpp:41]   --->   Operation 138 'bitcast' 'bitcast_ln41' <Predicate = (!icmp_ln32)> <Delay = 0.00>
ST_6 : Operation 139 [1/1] (0.00ns)   --->   "%tmp = call i8 @_ssdm_op_PartSelect.i8.i32.i32.i32(i32 %bitcast_ln41, i32 23, i32 30)" [lenet_cnn_hls/lenet_cnn.cpp:41]   --->   Operation 139 'partselect' 'tmp' <Predicate = (!icmp_ln32)> <Delay = 0.00>
ST_6 : Operation 140 [1/1] (0.00ns)   --->   "%trunc_ln41_1 = trunc i32 %bitcast_ln41 to i23" [lenet_cnn_hls/lenet_cnn.cpp:41]   --->   Operation 140 'trunc' 'trunc_ln41_1' <Predicate = (!icmp_ln32)> <Delay = 0.00>
ST_6 : Operation 141 [1/1] (0.00ns)   --->   "%bitcast_ln41_1 = bitcast float %input_load to i32" [lenet_cnn_hls/lenet_cnn.cpp:41]   --->   Operation 141 'bitcast' 'bitcast_ln41_1' <Predicate = (!icmp_ln32)> <Delay = 0.00>
ST_6 : Operation 142 [1/1] (0.00ns)   --->   "%tmp_6 = call i8 @_ssdm_op_PartSelect.i8.i32.i32.i32(i32 %bitcast_ln41_1, i32 23, i32 30)" [lenet_cnn_hls/lenet_cnn.cpp:41]   --->   Operation 142 'partselect' 'tmp_6' <Predicate = (!icmp_ln32)> <Delay = 0.00>
ST_6 : Operation 143 [1/1] (0.00ns)   --->   "%trunc_ln41_2 = trunc i32 %bitcast_ln41_1 to i23" [lenet_cnn_hls/lenet_cnn.cpp:41]   --->   Operation 143 'trunc' 'trunc_ln41_2' <Predicate = (!icmp_ln32)> <Delay = 0.00>
ST_6 : Operation 144 [1/1] (1.55ns)   --->   "%icmp_ln41 = icmp ne i8 %tmp, -1" [lenet_cnn_hls/lenet_cnn.cpp:41]   --->   Operation 144 'icmp' 'icmp_ln41' <Predicate = (!icmp_ln32)> <Delay = 1.55> <Core = "Cmp">   --->   Core 25 'Cmp' <Latency = 0> <II = 1> <Delay = 2.44> <FuncUnit> <Opcode : 'icmp'> <InPorts = 2> <OutPorts = 1>
ST_6 : Operation 145 [1/1] (2.44ns)   --->   "%icmp_ln41_1 = icmp eq i23 %trunc_ln41_1, 0" [lenet_cnn_hls/lenet_cnn.cpp:41]   --->   Operation 145 'icmp' 'icmp_ln41_1' <Predicate = (!icmp_ln32)> <Delay = 2.44> <Core = "Cmp">   --->   Core 25 'Cmp' <Latency = 0> <II = 1> <Delay = 2.44> <FuncUnit> <Opcode : 'icmp'> <InPorts = 2> <OutPorts = 1>
ST_6 : Operation 146 [1/1] (0.00ns) (grouped into LUT with out node and_ln41_1)   --->   "%or_ln41 = or i1 %icmp_ln41_1, %icmp_ln41" [lenet_cnn_hls/lenet_cnn.cpp:41]   --->   Operation 146 'or' 'or_ln41' <Predicate = (!icmp_ln32)> <Delay = 0.00> <Core = "LogicGate">   --->   Core 27 'LogicGate' <Latency = 0> <II = 1> <Delay = 0.97> <FuncUnit> <Opcode : 'and' 'or' 'xor'> <InPorts = 2> <OutPorts = 1>
ST_6 : Operation 147 [1/1] (1.55ns)   --->   "%icmp_ln41_2 = icmp ne i8 %tmp_6, -1" [lenet_cnn_hls/lenet_cnn.cpp:41]   --->   Operation 147 'icmp' 'icmp_ln41_2' <Predicate = (!icmp_ln32)> <Delay = 1.55> <Core = "Cmp">   --->   Core 25 'Cmp' <Latency = 0> <II = 1> <Delay = 2.44> <FuncUnit> <Opcode : 'icmp'> <InPorts = 2> <OutPorts = 1>
ST_6 : Operation 148 [1/1] (2.44ns)   --->   "%icmp_ln41_3 = icmp eq i23 %trunc_ln41_2, 0" [lenet_cnn_hls/lenet_cnn.cpp:41]   --->   Operation 148 'icmp' 'icmp_ln41_3' <Predicate = (!icmp_ln32)> <Delay = 2.44> <Core = "Cmp">   --->   Core 25 'Cmp' <Latency = 0> <II = 1> <Delay = 2.44> <FuncUnit> <Opcode : 'icmp'> <InPorts = 2> <OutPorts = 1>
ST_6 : Operation 149 [1/1] (0.00ns) (grouped into LUT with out node and_ln41_1)   --->   "%or_ln41_1 = or i1 %icmp_ln41_3, %icmp_ln41_2" [lenet_cnn_hls/lenet_cnn.cpp:41]   --->   Operation 149 'or' 'or_ln41_1' <Predicate = (!icmp_ln32)> <Delay = 0.00> <Core = "LogicGate">   --->   Core 27 'LogicGate' <Latency = 0> <II = 1> <Delay = 0.97> <FuncUnit> <Opcode : 'and' 'or' 'xor'> <InPorts = 2> <OutPorts = 1>
ST_6 : Operation 150 [1/1] (0.00ns) (grouped into LUT with out node and_ln41_1)   --->   "%and_ln41 = and i1 %or_ln41, %or_ln41_1" [lenet_cnn_hls/lenet_cnn.cpp:41]   --->   Operation 150 'and' 'and_ln41' <Predicate = (!icmp_ln32)> <Delay = 0.00> <Core = "LogicGate">   --->   Core 27 'LogicGate' <Latency = 0> <II = 1> <Delay = 0.97> <FuncUnit> <Opcode : 'and' 'or' 'xor'> <InPorts = 2> <OutPorts = 1>
ST_6 : Operation 151 [1/2] (5.43ns)   --->   "%tmp_7 = fcmp ogt float %max_value, %input_load" [lenet_cnn_hls/lenet_cnn.cpp:41]   --->   Operation 151 'fcmp' 'tmp_7' <Predicate = (!icmp_ln32)> <Delay = 5.43> <Core = "FCmp">   --->   Core 111 'FCmp' <Latency = 1> <II = 1> <Delay = 5.43> <FuncUnit> <Opcode : 'fcmp'> <InPorts = 2> <OutPorts = 1>
ST_6 : Operation 152 [1/1] (0.97ns) (out node of the LUT)   --->   "%and_ln41_1 = and i1 %and_ln41, %tmp_7" [lenet_cnn_hls/lenet_cnn.cpp:41]   --->   Operation 152 'and' 'and_ln41_1' <Predicate = (!icmp_ln32)> <Delay = 0.97> <Core = "LogicGate">   --->   Core 27 'LogicGate' <Latency = 0> <II = 1> <Delay = 0.97> <FuncUnit> <Opcode : 'and' 'or' 'xor'> <InPorts = 2> <OutPorts = 1>
ST_6 : Operation 153 [1/1] (0.69ns) (out node of the LUT)   --->   "%max_value_2 = select i1 %and_ln41_1, float %max_value, float %input_load" [lenet_cnn_hls/lenet_cnn.cpp:41]   --->   Operation 153 'select' 'max_value_2' <Predicate = (!icmp_ln32)> <Delay = 0.69> <Core = "Sel">   --->   Core 26 'Sel' <Latency = 0> <II = 1> <Delay = 0.68> <FuncUnit> <Opcode : 'select'> <InPorts = 3> <OutPorts = 1>
ST_6 : Operation 154 [1/1] (0.00ns)   --->   "store float %max_value_2, float* %max_value_4" [lenet_cnn_hls/lenet_cnn.cpp:44]   --->   Operation 154 'store' <Predicate = (!icmp_ln32)> <Delay = 0.00>

State 7 <SV = 6> <Delay = 0.00>

State 8 <SV = 7> <Delay = 5.43>
ST_8 : Operation 155 [2/2] (5.43ns)   --->   "%tmp_9 = fcmp ogt float %max_value_2, 0.000000e+00" [lenet_cnn_hls/lenet_cnn.cpp:5->lenet_cnn_hls/lenet_cnn.cpp:45]   --->   Operation 155 'fcmp' 'tmp_9' <Predicate = (and_ln44)> <Delay = 5.43> <Core = "FCmp">   --->   Core 111 'FCmp' <Latency = 1> <II = 1> <Delay = 5.43> <FuncUnit> <Opcode : 'fcmp'> <InPorts = 2> <OutPorts = 1>

State 9 <SV = 8> <Delay = 6.40>
ST_9 : Operation 156 [1/1] (0.00ns)   --->   "%bitcast_ln5 = bitcast float %max_value_2 to i32" [lenet_cnn_hls/lenet_cnn.cpp:5->lenet_cnn_hls/lenet_cnn.cpp:45]   --->   Operation 156 'bitcast' 'bitcast_ln5' <Predicate = (and_ln44)> <Delay = 0.00>
ST_9 : Operation 157 [1/1] (0.00ns)   --->   "%tmp_8 = call i8 @_ssdm_op_PartSelect.i8.i32.i32.i32(i32 %bitcast_ln5, i32 23, i32 30)" [lenet_cnn_hls/lenet_cnn.cpp:5->lenet_cnn_hls/lenet_cnn.cpp:45]   --->   Operation 157 'partselect' 'tmp_8' <Predicate = (and_ln44)> <Delay = 0.00>
ST_9 : Operation 158 [1/1] (0.00ns)   --->   "%trunc_ln5 = trunc i32 %bitcast_ln5 to i23" [lenet_cnn_hls/lenet_cnn.cpp:5->lenet_cnn_hls/lenet_cnn.cpp:45]   --->   Operation 158 'trunc' 'trunc_ln5' <Predicate = (and_ln44)> <Delay = 0.00>
ST_9 : Operation 159 [1/1] (1.55ns)   --->   "%icmp_ln5 = icmp ne i8 %tmp_8, -1" [lenet_cnn_hls/lenet_cnn.cpp:5->lenet_cnn_hls/lenet_cnn.cpp:45]   --->   Operation 159 'icmp' 'icmp_ln5' <Predicate = (and_ln44)> <Delay = 1.55> <Core = "Cmp">   --->   Core 25 'Cmp' <Latency = 0> <II = 1> <Delay = 2.44> <FuncUnit> <Opcode : 'icmp'> <InPorts = 2> <OutPorts = 1>
ST_9 : Operation 160 [1/1] (2.44ns)   --->   "%icmp_ln5_2 = icmp eq i23 %trunc_ln5, 0" [lenet_cnn_hls/lenet_cnn.cpp:5->lenet_cnn_hls/lenet_cnn.cpp:45]   --->   Operation 160 'icmp' 'icmp_ln5_2' <Predicate = (and_ln44)> <Delay = 2.44> <Core = "Cmp">   --->   Core 25 'Cmp' <Latency = 0> <II = 1> <Delay = 2.44> <FuncUnit> <Opcode : 'icmp'> <InPorts = 2> <OutPorts = 1>
ST_9 : Operation 161 [1/1] (0.00ns) (grouped into LUT with out node select_ln5)   --->   "%or_ln5 = or i1 %icmp_ln5_2, %icmp_ln5" [lenet_cnn_hls/lenet_cnn.cpp:5->lenet_cnn_hls/lenet_cnn.cpp:45]   --->   Operation 161 'or' 'or_ln5' <Predicate = (and_ln44)> <Delay = 0.00> <Core = "LogicGate">   --->   Core 27 'LogicGate' <Latency = 0> <II = 1> <Delay = 0.97> <FuncUnit> <Opcode : 'and' 'or' 'xor'> <InPorts = 2> <OutPorts = 1>
ST_9 : Operation 162 [1/2] (5.43ns)   --->   "%tmp_9 = fcmp ogt float %max_value_2, 0.000000e+00" [lenet_cnn_hls/lenet_cnn.cpp:5->lenet_cnn_hls/lenet_cnn.cpp:45]   --->   Operation 162 'fcmp' 'tmp_9' <Predicate = (and_ln44)> <Delay = 5.43> <Core = "FCmp">   --->   Core 111 'FCmp' <Latency = 1> <II = 1> <Delay = 5.43> <FuncUnit> <Opcode : 'fcmp'> <InPorts = 2> <OutPorts = 1>
ST_9 : Operation 163 [1/1] (0.00ns) (grouped into LUT with out node select_ln5)   --->   "%and_ln5 = and i1 %or_ln5, %tmp_9" [lenet_cnn_hls/lenet_cnn.cpp:5->lenet_cnn_hls/lenet_cnn.cpp:45]   --->   Operation 163 'and' 'and_ln5' <Predicate = (and_ln44)> <Delay = 0.00> <Core = "LogicGate">   --->   Core 27 'LogicGate' <Latency = 0> <II = 1> <Delay = 0.97> <FuncUnit> <Opcode : 'and' 'or' 'xor'> <InPorts = 2> <OutPorts = 1>
ST_9 : Operation 164 [1/1] (0.97ns) (out node of the LUT)   --->   "%select_ln5 = select i1 %and_ln5, float %max_value_2, float 0.000000e+00" [lenet_cnn_hls/lenet_cnn.cpp:5->lenet_cnn_hls/lenet_cnn.cpp:45]   --->   Operation 164 'select' 'select_ln5' <Predicate = (and_ln44)> <Delay = 0.97> <Core = "Sel">   --->   Core 26 'Sel' <Latency = 0> <II = 1> <Delay = 0.68> <FuncUnit> <Opcode : 'select'> <InPorts = 3> <OutPorts = 1>

State 10 <SV = 9> <Delay = 3.25>
ST_10 : Operation 165 [1/1] (0.00ns)   --->   "%empty_14 = call i32 (...)* @_ssdm_op_SpecLoopTripCount(i64 4704, i64 4704, i64 4704)"   --->   Operation 165 'speclooptripcount' 'empty_14' <Predicate = (!icmp_ln32)> <Delay = 0.00>
ST_10 : Operation 166 [1/1] (0.00ns)   --->   "%tmp_2 = call i32 (...)* @_ssdm_op_SpecRegionBegin([12 x i8]* @p_str2)" [lenet_cnn_hls/lenet_cnn.cpp:36]   --->   Operation 166 'specregionbegin' 'tmp_2' <Predicate = (!icmp_ln32)> <Delay = 0.00>
ST_10 : Operation 167 [1/1] (0.00ns)   --->   "call void (...)* @_ssdm_op_SpecPipeline(i32 -1, i32 1, i32 1, i32 0, [1 x i8]* @p_str1) nounwind" [lenet_cnn_hls/lenet_cnn.cpp:37]   --->   Operation 167 'specpipeline' <Predicate = (!icmp_ln32)> <Delay = 0.00>
ST_10 : Operation 168 [1/1] (3.25ns)   --->   "store float %select_ln5, float* %output_addr, align 4" [lenet_cnn_hls/lenet_cnn.cpp:45]   --->   Operation 168 'store' <Predicate = (and_ln44)> <Delay = 3.25> <Core = "RAM">   --->   Core 37 'RAM' <Latency = 1> <II = 1> <Delay = 3.25> <Storage> <Opcode : 'load' 'store'> <Ports = 2> <Width = 32> <Depth = 1176> <RAM>
ST_10 : Operation 169 [1/1] (0.00ns)   --->   "br label %hls_label_1_end" [lenet_cnn_hls/lenet_cnn.cpp:46]   --->   Operation 169 'br' <Predicate = (and_ln44)> <Delay = 0.00>
ST_10 : Operation 170 [1/1] (0.00ns)   --->   "%empty = call i32 (...)* @_ssdm_op_SpecRegionEnd([12 x i8]* @p_str2, i32 %tmp_2)" [lenet_cnn_hls/lenet_cnn.cpp:47]   --->   Operation 170 'specregionend' 'empty' <Predicate = (!icmp_ln32)> <Delay = 0.00>
ST_10 : Operation 171 [1/1] (0.00ns)   --->   "br label %.preheader" [lenet_cnn_hls/lenet_cnn.cpp:36]   --->   Operation 171 'br' <Predicate = (!icmp_ln32)> <Delay = 0.00>

State 11 <SV = 2> <Delay = 0.00>
ST_11 : Operation 172 [1/1] (0.00ns)   --->   "ret void" [lenet_cnn_hls/lenet_cnn.cpp:52]   --->   Operation 172 'ret' <Predicate = true> <Delay = 0.00>


============================================================
+ Verbose Summary: Timing violations
============================================================
Target clock period: 10ns, clock uncertainty: 1.25ns.

 <State 1>: 1.77ns
The critical path consists of the following:
	multiplexor before 'phi' operation ('indvar_flatten117', lenet_cnn_hls/lenet_cnn.cpp:32) with incoming values : ('add_ln32', lenet_cnn_hls/lenet_cnn.cpp:32) [6]  (1.77 ns)

 <State 2>: 8.63ns
The critical path consists of the following:
	'phi' operation ('indvar_flatten63', lenet_cnn_hls/lenet_cnn.cpp:33) with incoming values : ('select_ln33_5', lenet_cnn_hls/lenet_cnn.cpp:33) [8]  (0 ns)
	'icmp' operation ('icmp_ln33', lenet_cnn_hls/lenet_cnn.cpp:33) [25]  (1.77 ns)
	'xor' operation ('xor_ln41', lenet_cnn_hls/lenet_cnn.cpp:41) [41]  (0.978 ns)
	'and' operation ('and_ln41_5', lenet_cnn_hls/lenet_cnn.cpp:41) [50]  (0 ns)
	'and' operation ('and_ln33_3', lenet_cnn_hls/lenet_cnn.cpp:33) [74]  (0.978 ns)
	'or' operation ('or_ln34', lenet_cnn_hls/lenet_cnn.cpp:34) [76]  (0 ns)
	'or' operation ('or_ln34_1', lenet_cnn_hls/lenet_cnn.cpp:34) [77]  (0.978 ns)
	'select' operation ('select_ln34', lenet_cnn_hls/lenet_cnn.cpp:34) [78]  (0.993 ns)
	'icmp' operation ('icmp_ln44_2', lenet_cnn_hls/lenet_cnn.cpp:44) [107]  (0.959 ns)
	'select' operation ('select_ln35_3', lenet_cnn_hls/lenet_cnn.cpp:35) [108]  (0.993 ns)
	'and' operation ('and_ln44', lenet_cnn_hls/lenet_cnn.cpp:44) [139]  (0.978 ns)

 <State 3>: 8.66ns
The critical path consists of the following:
	'select' operation ('select_ln41_2', lenet_cnn_hls/lenet_cnn.cpp:41) [40]  (0 ns)
	'select' operation ('select_ln33_1', lenet_cnn_hls/lenet_cnn.cpp:33) [57]  (1.22 ns)
	'add' operation ('add_ln40_2', lenet_cnn_hls/lenet_cnn.cpp:40) [98]  (1.78 ns)
	'select' operation ('select_ln35_2', lenet_cnn_hls/lenet_cnn.cpp:35) [99]  (0 ns)
	'add' operation ('add_ln41', lenet_cnn_hls/lenet_cnn.cpp:41) [101]  (1.82 ns)
	'sub' operation ('sub_ln41_1', lenet_cnn_hls/lenet_cnn.cpp:41) [106]  (0 ns)
	'add' operation ('add_ln41_1', lenet_cnn_hls/lenet_cnn.cpp:41) [118]  (3.84 ns)

 <State 4>: 7.57ns
The critical path consists of the following:
	'sub' operation ('sub_ln45', lenet_cnn_hls/lenet_cnn.cpp:45) [38]  (1.87 ns)
	'add' operation ('add_ln45', lenet_cnn_hls/lenet_cnn.cpp:45) [60]  (1.92 ns)
	'sub' operation ('sub_ln45_1', lenet_cnn_hls/lenet_cnn.cpp:45) [65]  (0 ns)
	'add' operation ('add_ln45_1', lenet_cnn_hls/lenet_cnn.cpp:45) [83]  (3.79 ns)

 <State 5>: 8.69ns
The critical path consists of the following:
	'load' operation ('input_load', lenet_cnn_hls/lenet_cnn.cpp:41) on array 'input_r' [121]  (3.25 ns)
	'fcmp' operation ('tmp_7', lenet_cnn_hls/lenet_cnn.cpp:41) [135]  (5.43 ns)

 <State 6>: 7.11ns
The critical path consists of the following:
	'fcmp' operation ('tmp_7', lenet_cnn_hls/lenet_cnn.cpp:41) [135]  (5.43 ns)
	'and' operation ('and_ln41_1', lenet_cnn_hls/lenet_cnn.cpp:41) [136]  (0.978 ns)
	'select' operation ('max_value', lenet_cnn_hls/lenet_cnn.cpp:41) [137]  (0.698 ns)

 <State 7>: 0ns
The critical path consists of the following:

 <State 8>: 5.43ns
The critical path consists of the following:
	'fcmp' operation ('tmp_9', lenet_cnn_hls/lenet_cnn.cpp:5->lenet_cnn_hls/lenet_cnn.cpp:45) [149]  (5.43 ns)

 <State 9>: 6.41ns
The critical path consists of the following:
	'fcmp' operation ('tmp_9', lenet_cnn_hls/lenet_cnn.cpp:5->lenet_cnn_hls/lenet_cnn.cpp:45) [149]  (5.43 ns)
	'and' operation ('and_ln5', lenet_cnn_hls/lenet_cnn.cpp:5->lenet_cnn_hls/lenet_cnn.cpp:45) [150]  (0 ns)
	'select' operation ('input', lenet_cnn_hls/lenet_cnn.cpp:5->lenet_cnn_hls/lenet_cnn.cpp:45) [151]  (0.978 ns)

 <State 10>: 3.25ns
The critical path consists of the following:
	'store' operation ('store_ln45', lenet_cnn_hls/lenet_cnn.cpp:45) of variable 'input', lenet_cnn_hls/lenet_cnn.cpp:5->lenet_cnn_hls/lenet_cnn.cpp:45 on array 'output_r' [152]  (3.25 ns)

 <State 11>: 0ns
The critical path consists of the following:


============================================================
+ Verbose Summary: Binding
============================================================
N/A
* FSMD analyzer results:
  - Output states:
 - Input state : 
  - Chain level:
	State 1
	State 2
	State 3
	State 4
	State 5
	State 6
	State 7
	State 8
	State 9
	State 10
	State 11


============================================================
+ Verbose Summary: Datapath Resource usage 
============================================================
N/A
