

================================================================
== Vivado HLS Report for 'max_pooling4'
================================================================
* Date:           Thu Apr  4 23:14:31 2024

* Version:        2019.1 (Build 2552052 on Fri May 24 15:28:33 MDT 2019)
* Project:        lenet_cnn_hls
* Solution:       solution1
* Product family: zynq
* Target device:  xc7z020-clg400-1


================================================================
== Performance Estimates
================================================================
+ Timing (ns): 
    * Summary: 
    +--------+-------+----------+------------+
    |  Clock | Target| Estimated| Uncertainty|
    +--------+-------+----------+------------+
    |ap_clk  |  10.00|     8.685|        1.25|
    +--------+-------+----------+------------+

+ Latency (clock cycles): 
    * Summary: 
    +------+------+------+------+---------+
    |   Latency   |   Interval  | Pipeline|
    |  min |  max |  min |  max |   Type  |
    +------+------+------+------+---------+
    |  3208|  3208|  3208|  3208|   none  |
    +------+------+------+------+---------+

    + Detail: 
        * Instance: 
        N/A

        * Loop: 
        +----------+------+------+----------+-----------+-----------+------+----------+
        |          |   Latency   | Iteration|  Initiation Interval  | Trip |          |
        | Loop Name|  min |  max |  Latency |  achieved |   target  | Count| Pipelined|
        +----------+------+------+----------+-----------+-----------+------+----------+
        |- Loop 1  |  3206|  3206|         9|          2|          1|  1600|    yes   |
        +----------+------+------+----------+-----------+-----------+------+----------+



================================================================
== Utilization Estimates
================================================================
* Summary: 
+-----------------+---------+-------+--------+-------+-----+
|       Name      | BRAM_18K| DSP48E|   FF   |  LUT  | URAM|
+-----------------+---------+-------+--------+-------+-----+
|DSP              |        -|      -|       -|      -|    -|
|Expression       |        -|      -|       0|    647|    -|
|FIFO             |        -|      -|       -|      -|    -|
|Instance         |        -|      0|      66|    239|    -|
|Memory           |        -|      -|       -|      -|    -|
|Multiplexer      |        -|      -|       -|    228|    -|
|Register         |        0|      -|     535|     96|    -|
+-----------------+---------+-------+--------+-------+-----+
|Total            |        0|      0|     601|   1210|    0|
+-----------------+---------+-------+--------+-------+-----+
|Available        |      280|    220|  106400|  53200|    0|
+-----------------+---------+-------+--------+-------+-----+
|Utilization (%)  |        0|      0|   ~0   |      2|    0|
+-----------------+---------+-------+--------+-------+-----+

+ Detail: 
    * Instance: 
    +--------------------------+----------------------+---------+-------+----+-----+-----+
    |         Instance         |        Module        | BRAM_18K| DSP48E| FF | LUT | URAM|
    +--------------------------+----------------------+---------+-------+----+-----+-----+
    |lenet_cnn_fcmp_32dEe_U26  |lenet_cnn_fcmp_32dEe  |        0|      0|  66|  239|    0|
    +--------------------------+----------------------+---------+-------+----+-----+-----+
    |Total                     |                      |        0|      0|  66|  239|    0|
    +--------------------------+----------------------+---------+-------+----+-----+-----+

    * DSP48E: 
    N/A

    * Memory: 
    N/A

    * FIFO: 
    N/A

    * Expression: 
    +-------------------------+----------+-------+---+----+------------+------------+
    |      Variable Name      | Operation| DSP48E| FF| LUT| Bitwidth P0| Bitwidth P1|
    +-------------------------+----------+-------+---+----+------------+------------+
    |add_ln80_fu_261_p2       |     +    |      0|  0|  13|          11|           1|
    |add_ln81_1_fu_694_p2     |     +    |      0|  0|  15|           8|           1|
    |add_ln82_1_fu_680_p2     |     +    |      0|  0|  15|           6|           1|
    |add_ln83_1_fu_667_p2     |     +    |      0|  0|  13|           4|           1|
    |add_ln88_1_fu_649_p2     |     +    |      0|  0|  13|           4|           4|
    |add_ln88_2_fu_601_p2     |     +    |      0|  0|  13|           4|           4|
    |add_ln88_fu_249_p2       |     +    |      0|  0|  13|           4|           4|
    |add_ln89_1_fu_619_p2     |     +    |      0|  0|  12|           9|           9|
    |add_ln89_2_fu_792_p2     |     +    |      0|  0|  12|          12|          12|
    |add_ln89_3_fu_801_p2     |     +    |      0|  0|  12|          12|          12|
    |add_ln89_fu_392_p2       |     +    |      0|  0|  12|           9|           9|
    |add_ln93_1_fu_730_p2     |     +    |      0|  0|  12|           8|           8|
    |add_ln93_2_fu_748_p2     |     +    |      0|  0|  12|          10|          10|
    |add_ln93_3_fu_763_p2     |     +    |      0|  0|  12|          10|          10|
    |add_ln93_fu_721_p2       |     +    |      0|  0|  12|           8|           8|
    |c_fu_355_p2              |     +    |      0|  0|  15|           1|           5|
    |h_fu_311_p2              |     +    |      0|  0|  12|           1|           3|
    |i_fu_561_p2              |     +    |      0|  0|  10|           1|           2|
    |j_fu_812_p2              |     +    |      0|  0|  10|           2|           1|
    |w_fu_510_p2              |     +    |      0|  0|  12|           1|           3|
    |and_ln5_fu_965_p2        |    and   |      0|  0|   2|           1|           1|
    |and_ln81_1_fu_500_p2     |    and   |      0|  0|   2|           1|           1|
    |and_ln81_2_fu_505_p2     |    and   |      0|  0|   2|           1|           1|
    |and_ln81_3_fu_329_p2     |    and   |      0|  0|   2|           1|           1|
    |and_ln81_fu_488_p2       |    and   |      0|  0|   2|           1|           1|
    |and_ln82_1_fu_549_p2     |    and   |      0|  0|   2|           1|           1|
    |and_ln82_2_fu_555_p2     |    and   |      0|  0|   2|           1|           1|
    |and_ln82_fu_536_p2       |    and   |      0|  0|   2|           1|           1|
    |and_ln89_1_fu_913_p2     |    and   |      0|  0|   2|           1|           1|
    |and_ln89_2_fu_408_p2     |    and   |      0|  0|   2|           1|           1|
    |and_ln89_3_fu_425_p2     |    and   |      0|  0|   2|           1|           1|
    |and_ln89_4_fu_436_p2     |    and   |      0|  0|   2|           1|           1|
    |and_ln89_5_fu_293_p2     |    and   |      0|  0|   2|           1|           1|
    |and_ln89_6_fu_305_p2     |    and   |      0|  0|   2|           1|           1|
    |and_ln89_fu_907_p2       |    and   |      0|  0|   2|           1|           1|
    |and_ln92_fu_661_p2       |    and   |      0|  0|   2|           1|           1|
    |icmp_ln5_1_fu_953_p2     |   icmp   |      0|  0|  18|          23|           1|
    |icmp_ln5_fu_947_p2       |   icmp   |      0|  0|  11|           8|           2|
    |icmp_ln80_fu_255_p2      |   icmp   |      0|  0|  13|          11|          10|
    |icmp_ln81_fu_267_p2      |   icmp   |      0|  0|  11|           8|           7|
    |icmp_ln82_fu_299_p2      |   icmp   |      0|  0|  11|           6|           5|
    |icmp_ln83_fu_287_p2      |   icmp   |      0|  0|   9|           4|           3|
    |icmp_ln84_fu_430_p2      |   icmp   |      0|  0|   9|           2|           3|
    |icmp_ln89_1_fu_877_p2    |   icmp   |      0|  0|  18|          23|           1|
    |icmp_ln89_2_fu_889_p2    |   icmp   |      0|  0|  11|           8|           2|
    |icmp_ln89_3_fu_895_p2    |   icmp   |      0|  0|  18|          23|           1|
    |icmp_ln89_fu_871_p2      |   icmp   |      0|  0|  11|           8|           2|
    |icmp_ln92_1_fu_655_p2    |   icmp   |      0|  0|   8|           2|           1|
    |icmp_ln92_2_fu_625_p2    |   icmp   |      0|  0|   8|           2|           1|
    |icmp_ln92_fu_419_p2      |   icmp   |      0|  0|   8|           2|           1|
    |or_ln5_fu_959_p2         |    or    |      0|  0|   2|           1|           1|
    |or_ln81_1_fu_323_p2      |    or    |      0|  0|   2|           1|           1|
    |or_ln81_fu_441_p2        |    or    |      0|  0|   2|           1|           1|
    |or_ln82_1_fu_341_p2      |    or    |      0|  0|   2|           1|           1|
    |or_ln82_fu_335_p2        |    or    |      0|  0|   2|           1|           1|
    |or_ln83_1_fu_571_p2      |    or    |      0|  0|   2|           1|           1|
    |or_ln83_fu_566_p2        |    or    |      0|  0|   2|           1|           1|
    |or_ln86_fu_823_p2        |    or    |      0|  0|   2|           1|           1|
    |or_ln89_1_fu_901_p2      |    or    |      0|  0|   2|           1|           1|
    |or_ln89_fu_883_p2        |    or    |      0|  0|   2|           1|           1|
    |max_value_1_fu_919_p3    |  select  |      0|  0|  32|           1|          32|
    |max_value_fu_828_p3      |  select  |      0|  0|  32|           1|          32|
    |select_ln5_fu_971_p3     |  select  |      0|  0|  32|           1|          32|
    |select_ln81_1_fu_460_p3  |  select  |      0|  0|   4|           1|           4|
    |select_ln81_2_fu_467_p3  |  select  |      0|  0|   3|           1|           3|
    |select_ln81_3_fu_480_p3  |  select  |      0|  0|   4|           1|           1|
    |select_ln81_4_fu_493_p3  |  select  |      0|  0|   4|           1|           4|
    |select_ln81_5_fu_700_p3  |  select  |      0|  0|   8|           1|           1|
    |select_ln81_fu_445_p3    |  select  |      0|  0|   3|           1|           1|
    |select_ln82_1_fu_524_p3  |  select  |      0|  0|   4|           1|           4|
    |select_ln82_2_fu_754_p3  |  select  |      0|  0|   3|           1|           3|
    |select_ln82_3_fu_542_p3  |  select  |      0|  0|   4|           1|           4|
    |select_ln82_4_fu_686_p3  |  select  |      0|  0|   6|           1|           1|
    |select_ln82_fu_347_p3    |  select  |      0|  0|   2|           1|           1|
    |select_ln83_1_fu_589_p3  |  select  |      0|  0|   2|           1|           1|
    |select_ln83_2_fu_607_p3  |  select  |      0|  0|   4|           1|           4|
    |select_ln83_3_fu_630_p3  |  select  |      0|  0|   2|           1|           1|
    |select_ln83_4_fu_638_p3  |  select  |      0|  0|   2|           1|           2|
    |select_ln83_5_fu_673_p3  |  select  |      0|  0|   4|           1|           1|
    |select_ln83_fu_577_p3    |  select  |      0|  0|   2|           1|           1|
    |select_ln89_1_fu_361_p3  |  select  |      0|  0|   5|           1|           5|
    |select_ln89_2_fu_398_p3  |  select  |      0|  0|   4|           1|           1|
    |select_ln89_3_fu_413_p3  |  select  |      0|  0|   4|           1|           1|
    |select_ln89_fu_273_p3    |  select  |      0|  0|   3|           1|           1|
    |ap_enable_pp0            |    xor   |      0|  0|   2|           1|           2|
    |xor_ln81_fu_317_p2       |    xor   |      0|  0|   2|           1|           2|
    |xor_ln82_fu_531_p2       |    xor   |      0|  0|   2|           2|           1|
    |xor_ln89_fu_281_p2       |    xor   |      0|  0|   2|           1|           2|
    +-------------------------+----------+-------+---+----+------------+------------+
    |Total                    |          |      0|  0| 647|         310|         322|
    +-------------------------+----------+-------+---+----+------------+------------+

    * Multiplexer: 
    +--------------------------------------------+----+-----------+-----+-----------+
    |                    Name                    | LUT| Input Size| Bits| Total Bits|
    +--------------------------------------------+----+-----------+-----+-----------+
    |ap_NS_fsm                                   |  27|          5|    1|          5|
    |ap_enable_reg_pp0_iter4                     |   9|          2|    1|          2|
    |ap_phi_mux_c_0_phi_fu_140_p4                |   9|          2|    5|         10|
    |ap_phi_mux_h_0_phi_fu_164_p4                |   9|          2|    3|          6|
    |ap_phi_mux_i_0_phi_fu_211_p4                |   9|          2|    2|          4|
    |ap_phi_mux_indvar_flatten117_phi_fu_129_p4  |   9|          2|   11|         22|
    |ap_phi_mux_indvar_flatten24_phi_fu_175_p4   |   9|          2|    6|         12|
    |ap_phi_mux_indvar_flatten63_phi_fu_152_p4   |   9|          2|    8|         16|
    |ap_phi_mux_indvar_flatten_phi_fu_199_p4     |   9|          2|    4|          8|
    |ap_phi_mux_j_0_phi_fu_223_p4                |   9|          2|    2|          4|
    |ap_phi_mux_w_0_phi_fu_187_p4                |   9|          2|    3|          6|
    |c_0_reg_136                                 |   9|          2|    5|         10|
    |grp_fu_231_p0                               |  15|          3|   32|         96|
    |grp_fu_231_p1                               |  15|          3|   32|         96|
    |h_0_reg_160                                 |   9|          2|    3|          6|
    |i_0_reg_207                                 |   9|          2|    2|          4|
    |indvar_flatten117_reg_125                   |   9|          2|   11|         22|
    |indvar_flatten24_reg_171                    |   9|          2|    6|         12|
    |indvar_flatten63_reg_148                    |   9|          2|    8|         16|
    |indvar_flatten_reg_195                      |   9|          2|    4|          8|
    |j_0_reg_219                                 |   9|          2|    2|          4|
    |w_0_reg_183                                 |   9|          2|    3|          6|
    +--------------------------------------------+----+-----------+-----+-----------+
    |Total                                       | 228|         49|  154|        375|
    +--------------------------------------------+----+-----------+-----+-----------+

    * Register: 
    +------------------------------------+----+----+-----+-----------+
    |                Name                | FF | LUT| Bits| Const Bits|
    +------------------------------------+----+----+-----+-----------+
    |add_ln80_reg_998                    |  11|   0|   11|          0|
    |add_ln88_1_reg_1111                 |   4|   0|    4|          0|
    |add_ln88_reg_989                    |   4|   0|    4|          0|
    |add_ln89_1_reg_1100                 |   9|   0|    9|          0|
    |and_ln81_3_reg_1045                 |   1|   0|    1|          0|
    |and_ln89_6_reg_1024                 |   1|   0|    1|          0|
    |and_ln92_reg_1116                   |   1|   0|    1|          0|
    |ap_CS_fsm                           |   4|   0|    4|          0|
    |ap_enable_reg_pp0_iter0             |   1|   0|    1|          0|
    |ap_enable_reg_pp0_iter1             |   1|   0|    1|          0|
    |ap_enable_reg_pp0_iter2             |   1|   0|    1|          0|
    |ap_enable_reg_pp0_iter3             |   1|   0|    1|          0|
    |ap_enable_reg_pp0_iter4             |   1|   0|    1|          0|
    |c_0_reg_136                         |   5|   0|    5|          0|
    |h_0_reg_160                         |   3|   0|    3|          0|
    |h_reg_1032                          |   3|   0|    3|          0|
    |i_0_reg_207                         |   2|   0|    2|          0|
    |icmp_ln80_reg_994                   |   1|   0|    1|          0|
    |icmp_ln81_reg_1003                  |   1|   0|    1|          0|
    |indvar_flatten117_reg_125           |  11|   0|   11|          0|
    |indvar_flatten24_reg_171            |   6|   0|    6|          0|
    |indvar_flatten63_reg_148            |   8|   0|    8|          0|
    |indvar_flatten_reg_195              |   4|   0|    4|          0|
    |input_load_reg_1162                 |  32|   0|   32|          0|
    |j_0_reg_219                         |   2|   0|    2|          0|
    |j_reg_1150                          |   2|   0|    2|          0|
    |max_value_1_reg_1169                |  32|   0|   32|          0|
    |max_value_1_reg_1169_pp0_iter3_reg  |  32|   0|   32|          0|
    |max_value_4_fu_96                   |  32|   0|   32|          0|
    |max_value_reg_1155                  |  32|   0|   32|          0|
    |or_ln81_1_reg_1038                  |   1|   0|    1|          0|
    |or_ln82_1_reg_1054                  |   1|   0|    1|          0|
    |output_addr_reg_1140                |   9|   0|    9|          0|
    |select_ln5_reg_1176                 |  32|   0|   32|          0|
    |select_ln81_2_reg_1078              |   3|   0|    3|          0|
    |select_ln81_5_reg_1130              |   8|   0|    8|          0|
    |select_ln81_reg_1073                |   3|   0|    3|          0|
    |select_ln82_2_reg_1135              |   3|   0|    3|          0|
    |select_ln82_4_reg_1125              |   6|   0|    6|          0|
    |select_ln82_reg_1059                |   2|   0|    2|          0|
    |select_ln83_1_reg_1095              |   1|   0|    1|          0|
    |select_ln83_4_reg_1106              |   2|   0|    2|          0|
    |select_ln83_5_reg_1120              |   4|   0|    4|          0|
    |select_ln83_reg_1089                |   2|   0|    2|          0|
    |select_ln89_1_reg_1066              |   5|   0|    5|          0|
    |select_ln89_reg_1012                |   3|   0|    3|          0|
    |shl_ln_reg_984                      |   3|   0|    4|          1|
    |w_0_reg_183                         |   3|   0|    3|          0|
    |w_reg_1084                          |   3|   0|    3|          0|
    |xor_ln89_reg_1017                   |   1|   0|    1|          0|
    |and_ln92_reg_1116                   |  64|  32|    1|          0|
    |icmp_ln80_reg_994                   |  64|  32|    1|          0|
    |output_addr_reg_1140                |  64|  32|    9|          0|
    +------------------------------------+----+----+-----+-----------+
    |Total                               | 535|  96|  355|          1|
    +------------------------------------+----+----+-----+-----------+



================================================================
== Interface
================================================================
* Summary: 
+-------------------+-----+-----+------------+--------------+--------------+
|     RTL Ports     | Dir | Bits|  Protocol  | Source Object|    C Type    |
+-------------------+-----+-----+------------+--------------+--------------+
|ap_clk             |  in |    1| ap_ctrl_hs | max_pooling4 | return value |
|ap_rst             |  in |    1| ap_ctrl_hs | max_pooling4 | return value |
|ap_start           |  in |    1| ap_ctrl_hs | max_pooling4 | return value |
|ap_done            | out |    1| ap_ctrl_hs | max_pooling4 | return value |
|ap_idle            | out |    1| ap_ctrl_hs | max_pooling4 | return value |
|ap_ready           | out |    1| ap_ctrl_hs | max_pooling4 | return value |
|input_r_address0   | out |   11|  ap_memory |    input_r   |     array    |
|input_r_ce0        | out |    1|  ap_memory |    input_r   |     array    |
|input_r_q0         |  in |   32|  ap_memory |    input_r   |     array    |
|output_r_address0  | out |    9|  ap_memory |   output_r   |     array    |
|output_r_ce0       | out |    1|  ap_memory |   output_r   |     array    |
|output_r_we0       | out |    1|  ap_memory |   output_r   |     array    |
|output_r_d0        | out |   32|  ap_memory |   output_r   |     array    |
+-------------------+-----+-----+------------+--------------+--------------+

